UWASoyPan00953.t1	CN
GlymaLee.13G222900.1.p	CN
GlymaLee.18G227000.1.p	CN
GlymaLee.18G080600.1.p	CN
GlymaLee.20G036200.1.p	CN
UWASoyPan01876.t1	CN
UWASoyPan04211.t1	CN
GlymaLee.19G105400.1.p	CN
GlymaLee.18G085100.1.p	CN
GlymaLee.11G142600.1.p	CN
UWASoyPan02496.t1	CN
UWASoyPan00326.t1	CN
GlymaLee.15G199500.1.p	CN
GlymaLee.20G036500.1.p	CNL
GlymaLee.13G156400.1.p	CNL
GlymaLee.03G041400.1.p	CNL
GlymaLee.15G198600.1.p	CNL
GlymaLee.01G012500.1.p	CNL
GlymaLee.18G175100.1.p	CNL
GlymaLee.03G039200.1.p	CNL
GlymaLee.15G195000.1.p	CNL
GlymaLee.06G229700.1.p	CNL
GlymaLee.13G154600.1.p	CNL
GlymaLee.06G221200.1.p	CNL
GlymaLee.03G037800.1.p	CNL
GlymaLee.15G209600.1.p	CNL
GlymaLee.20G033400.1.p	CNL
GlymaLee.15G118900.1.p	CNL
GlymaLee.19G106900.1.p	CNL
GlymaLee.03G032400.1.p	CNL
GlymaLee.02G029900.1.p	CNL
GlymaLee.09G019800.1.p	CNL
GlymaLee.14G166100.1.p	CNL
GlymaLee.19G104400.1.p	CNL
GlymaLee.03G037600.1.p	CNL
GlymaLee.07G059600.1.p	CNL
GlymaLee.19G105600.1.p	CNL
GlymaLee.10G164600.1.p	CNL
GlymaLee.04G114600.1.p	CNL
GlymaLee.14G168000.1.p	CNL
GlymaLee.03G032800.1.p	CNL
GlymaLee.01G011700.1.p	CNL
GlymaLee.15G198700.1.p	CNL
GlymaLee.07G060000.1.p	CNL
GlymaLee.03G031000.1.p	CNL
GlymaLee.03G038300.1.p	CNL
GlymaLee.03G037400.1.p	CNL
GlymaLee.09G215000.1.p	CNL
GlymaLee.13G156500.1.p	CNL
GlymaLee.01G056700.1.p	CNL
GlymaLee.01G148500.1.p	CNL
GlymaLee.07G060900.1.p	CNL
GlymaLee.13G159400.1.p	CNL
GlymaLee.03G039000.1.p	CNL
GlymaLee.03G039400.1.p	CNL
GlymaLee.13G151400.1.p	CNL
GlymaLee.07G059300.1.p	CNL
GlymaLee.07G060100.1.p	CNL
GlymaLee.03G040000.1.p	CNL
GlymaLee.01G099900.1.p	CNL
GlymaLee.08G007100.1.p	CNL
GlymaLee.18G175400.1.p	CNL
GlymaLee.19G105700.1.p	CNL
GlymaLee.15G209700.1.p	CNL
GlymaLee.07G060700.1.p	CNL
GlymaLee.07G059800.1.p	CNL
GlymaLee.14G161100.1.p	CNL
GlymaLee.14G165800.1.p	CNL
GlymaLee.13G156000.1.p	CNL
GlymaLee.09G171300.1.p	CNL
GlymaLee.14G165700.1.p	CNL
GlymaLee.01G010400.1.p	CNL
GlymaLee.07G072200.1.p	CNL
GlymaLee.03G039700.1.p	CNL
GlymaLee.03G032600.1.p	CNL
GlymaLee.18G231000.1.p	CNL
GlymaLee.08G114200.1.p	CNL
GlymaLee.07G059500.1.p	CNL
GlymaLee.15G119000.1.p	CNL
GlymaLee.13G156700.1.p	CNL
GlymaLee.14G166400.1.p	CNL
GlymaLee.01G148600.1.p	CNL
GlymaLee.01G032700.1.p	CNL
GlymaLee.03G034300.1.p	CNL
GlymaLee.15G168400.1.p	CNL
GlymaLee.03G033000.1.p	CNL
GlymaLee.07G071900.1.p	CNL
GlymaLee.15G199000.1.p	CNL
GlymaLee.03G037900.1.p	CNL
GlymaLee.03G037200.1.p	CNL
GlymaLee.14G149700.1.p	CNL
GlymaLee.09G172100.1.p	CNL
GlymaLee.07G058700.1.p	CNL
GlymaLee.19G064800.1.p	CNL
GlymaLee.08G237000.1.p	CNL
GlymaLee.11G142500.1.p	CNL
GlymaLee.13G160800.1.p	CNL
GlymaLee.13G151600.1.p	CNL
GlymaLee.13G158700.1.p	CNL
GlymaLee.03G039500.1.p	CNL
GlymaLee.13G222600.1.p	CNL
GlymaLee.03G040900.1.p	CNL
GlymaLee.20G033300.1.p	CNL
GlymaLee.02G027800.1.p	CNL
GlymaLee.14G167500.1.p	CNL
GlymaLee.18G174700.1.p	CNL
GlymaLee.03G061600.1.p	CNL
GlymaLee.12G118800.1.p	CNL
GlymaLee.03G032900.1.p	CNL
GlymaLee.06G222600.1.p	CNL
GlymaLee.02G027300.1.p	CNL
GlymaLee.05G074800.1.p	CNL
GlymaLee.12G202200.1.p	CNL
GlymaLee.16G028300.1.p	CNL
GlymaLee.14G165900.1.p	CNL
GlymaLee.16G028200.1.p	CNL
GlymaLee.18G225400.1.p	CNL
GlymaLee.17G163100.1.p	CNL
GlymaLee.19G107000.1.p	CNL
GlymaLee.12G186300.1.p	CNL
GlymaLee.18G226800.1.p	CNL
GlymaLee.07G060500.1.p	CNL
GlymaLee.14G008300.1.p	CNL
GlymaLee.13G154300.1.p	CNL
GlymaLee.07G007100.1.p	CNL
GlymaLee.18G214700.1.p	CNL
GlymaLee.03G042000.1.p	CNL
GlymaLee.03G038500.1.p	CNL
GlymaLee.19G105800.1.p	CNL
GlymaLee.16G070100.1.p	CNL
GlymaLee.13G159800.1.p	CNL
GlymaLee.15G199200.1.p	CNL
GlymaLee.12G011200.1.p	CNL
GlymaLee.13G046600.1.p	CNL
GlymaLee.09G020100.1.p	CNL
GlymaLee.03G034100.1.p	CNL
GlymaLee.09G172900.1.p	NBS
UWASoyPan03194.t1	NBS
GlymaLee.18G224100.1.p	NBS
GlymaLee.05G006600.1.p	NBS
GlymaLee.20G170300.1.p	NBS
GlymaLee.20G030500.1.p	NBS
GlymaLee.20G030600.1.p	NBS
UWASoyPan04314.t1	NBS
UWASoyPan01330.t1	NBS
GlymaLee.13G062500.1.p	NBS
UWASoyPan01320.t1	NBS
UWASoyPan02799.t1	NBS
GlymaLee.08G110100.1.p	NBS
UWASoyPan00155.t1	NBS
GlymaLee.06G232800.1.p	NBS
UWASoyPan05095.t1	NBS
UWASoyPan00772.t1	NBS
UWASoyPan04354.t1	NBS
GlymaLee.18G076600.1.p	NBS
GlymaLee.06G271900.1.p	NBS
GlymaLee.20G033100.1.p	NBS
GlymaLee.19G102100.1.p	NBS
GlymaLee.18G097300.1.p	NBS
UWASoyPan05312.t1	NBS
GlymaLee.15G117600.1.p	NBS
UWASoyPan04757.t1	NBS
GlymaLee.18G074000.1.p	NBS
GlymaLee.06G065700.1.p	NBS
UWASoyPan03402.t1	NBS
GlymaLee.18G076500.1.p	NBS
GlymaLee.07G070200.1.p	NBS
GlymaLee.06G274000.1.p	NBS
GlymaLee.02G100000.1.p	NBS
GlymaLee.08G277900.1.p	NBS
GlymaLee.03G042100.1.p	NBS
UWASoyPan01973.t1	NBS
UWASoyPan01729.t1	NBS
UWASoyPan00043.t1	NBS
UWASoyPan00427.t1	NBS
GlymaLee.08G109900.1.p	NBS
UWASoyPan01217.t1	NBS
UWASoyPan03233.t1	NBS
GlymaLee.11G195100.1.p	NBS
UWASoyPan00005.t1	NBS
UWASoyPan00316.t1	NBS
GlymaLee.08G269900.1.p	NBS
GlymaLee.05G044700.1.p	NBS
GlymaLee.19G082300.1.p	NBS
UWASoyPan03230.t1	NBS
UWASoyPan00202.t1	NBS
UWASoyPan01253.t1	NBS
GlymaLee.01G115200.1.p	NBS
GlymaLee.20G031400.1.p	NL
GlymaLee.19G108900.1.p	NL
GlymaLee.20G157800.1.p	NL
GlymaLee.17G162400.1.p	NL
GlymaLee.06G267900.1.p	NL
GlymaLee.01G010200.1.p	NL
GlymaLee.18G075800.1.p	NL
GlymaLee.06G267800.1.p	NL
GlymaLee.16G131100.1.p	NL
GlymaLee.18G089200.1.p	NL
GlymaLee.13G046900.1.p	NL
GlymaLee.05G141100.1.p	NL
GlymaLee.15G198800.1.p	NL
GlymaLee.18G081100.1.p	NL
GlymaLee.17G214900.1.p	NL
GlymaLee.03G106900.1.p	NL
GlymaLee.01G136600.1.p	NL
UWASoyPan00251.t1	NL
GlymaLee.18G076200.1.p	NL
GlymaLee.07G058200.1.p	NL
GlymaLee.20G043600.1.p	NL
GlymaLee.18G230900.1.p	NL
GlymaLee.18G226900.1.p	NL
GlymaLee.18G225600.1.p	NL
GlymaLee.18G081200.1.p	NL
GlymaLee.13G158500.1.p	NL
GlymaLee.10G034600.1.p	NL
GlymaLee.14G070300.1.p	NL
GlymaLee.08G114400.1.p	NL
GlymaLee.15G153200.1.p	NL
GlymaLee.16G131300.1.p	NL
GlymaLee.13G157700.1.p	NL
GlymaLee.03G042500.1.p	NL
GlymaLee.16G130900.1.p	NL
GlymaLee.01G030900.1.p	NL
GlymaLee.05G075000.1.p	NL
GlymaLee.15G199300.1.p	NL
GlymaLee.14G070400.1.p	NL
GlymaLee.18G076800.1.p	NL
GlymaLee.09G171400.1.p	NL
GlymaLee.08G273100.1.p	NL
GlymaLee.19G105500.1.p	NL
UWASoyPan00022.t1	NL
GlymaLee.18G224000.1.p	NL
GlymaLee.06G268000.1.p	NL
GlymaLee.03G040100.1.p	NL
GlymaLee.19G109300.1.p	NL
GlymaLee.01G033000.1.p	NL
GlymaLee.17G162900.1.p	NL
GlymaLee.17G163000.1.p	NL
GlymaLee.18G075500.1.p	NL
GlymaLee.08G288600.1.p	NL
GlymaLee.20G036300.1.p	NL
GlymaLee.20G031500.1.p	NL
GlymaLee.02G158100.1.p	NL
GlymaLee.17G162500.1.p	NL
GlymaLee.15G199700.1.p	NL
GlymaLee.18G081000.1.p	NL
GlymaLee.18G070200.1.p	NL
GlymaLee.08G294100.1.p	NL
GlymaLee.18G075900.1.p	NL
GlymaLee.17G162600.1.p	NL
GlymaLee.18G075700.1.p	NL
GlymaLee.19G108800.1.p	NL
GlymaLee.07G058000.1.p	NL
UWASoyPan01530.t1	NL
GlymaLee.11G054400.1.p	NL
GlymaLee.20G158000.1.p	NL
GlymaLee.18G080900.1.p	NL
GlymaLee.20G160000.1.p	NL
GlymaLee.18G080800.1.p	NL
GlymaLee.12G118000.1.p	NL
GlymaLee.03G038800.1.p	NL
GlymaLee.08G284000.1.p	NL
GlymaLee.01G099000.1.p	NL
GlymaLee.06G154900.1.p	NL
GlymaLee.08G283400.1.p	NL
GlymaLee.17G214800.1.p	NL
GlymaLee.05G075100.1.p	NL
GlymaLee.03G038100.1.p	NL
GlymaLee.04G106500.1.p	NL
GlymaLee.08G285100.1.p	NL
GlymaLee.18G225500.1.p	NL
GlymaLee.16G074500.1.p	NL
GlymaLee.18G144600.1.p	NL
GlymaLee.16G176500.1.p	NL
GlymaLee.02G023600.1.p	NL
GlymaLee.15G195300.1.p	NL
GlymaLee.18G073900.1.p	NL
GlymaLee.18G098100.1.p	NL
GlymaLee.18G076300.1.p	NL
GlymaLee.11G067000.1.p	NL
GlymaLee.03G045600.1.p	NL
GlymaLee.08G283700.1.p	NL
GlymaLee.19G109100.1.p	NL
GlymaLee.13G206400.1.p	OTHER
GlymaLee.03G045200.1.p	OTHER
GlymaLee.14G119100.1.p	OTHER
GlymaLee.03G061700.1.p	OTHER
GlymaLee.19G020100.1.p	OTHER
GlymaLee.09G125700.1.p	OTHER
GlymaLee.12G205500.1.p	OTHER
GlymaLee.03G045400.1.p	OTHER
GlymaLee.03G045700.1.p	OTHER
GlymaLee.16G172700.1.p	OTHER
GlymaLee.16G130700.1.p	OTHER
GlymaLee.06G266800.1.p	OTHER
GlymaLee.16G131200.1.p	OTHER
GlymaLee.02G242900.1.p	OTHER
GlymaLee.13G051000.1.p	OTHER
GlymaLee.16G130800.1.p	OTHER
GlymaLee.16G131000.1.p	OTHER
GlymaLee.03G045900.1.p	OTHER
GlymaLee.01G030300.1.p	OTHER
GlymaLee.03G045500.1.p	OTHER
GlymaLee.13G159900.1.p	TN
GlymaLee.13G160100.1.p	TN
GlymaLee.04G180300.1.p	TN
GlymaLee.06G210500.1.p	TN
GlymaLee.16G111100.1.p	TN
GlymaLee.06G276900.1.p	TN
GlymaLee.16G112000.1.p	TN
GlymaLee.15G200400.1.p	TN
GlymaLee.06G224900.1.p	TN
GlymaLee.13G160200.1.p	TN
GlymaLee.06G229300.1.p	TN
GlymaLee.16G111300.1.p	TN
GlymaLee.16G176600.1.p	TN
GlymaLee.04G100300.1.p	TN
GlymaLee.16G176800.1.p	TN
GlymaLee.12G136000.1.p	TN
GlymaLee.15G200500.1.p	TN
GlymaLee.05G180500.1.p	TN
GlymaLee.16G098200.1.p	TN
GlymaLee.15G200300.1.p	TN
GlymaLee.16G175900.1.p	TN
GlymaLee.16G175500.1.p	TN
GlymaLee.12G115400.1.p	TNL
GlymaLee.01G042800.1.p	TNL
GlymaLee.16G030300.1.p	TNL
GlymaLee.10G152500.1.p	TNL
GlymaLee.09G051200.1.p	TNL
GlymaLee.03G042400.1.p	TNL
GlymaLee.08G269300.1.p	TNL
GlymaLee.15G023400.1.p	TNL
GlymaLee.16G111500.1.p	TNL
GlymaLee.16G174900.1.p	TNL
GlymaLee.16G131400.1.p	TNL
GlymaLee.09G067100.1.p	TNL
GlymaLee.16G075300.1.p	TNL
GlymaLee.16G176100.1.p	TNL
GlymaLee.06G230700.1.p	TNL
GlymaLee.15G139800.1.p	TNL
GlymaLee.08G179300.1.p	TNL
GlymaLee.05G141200.1.p	TNL
GlymaLee.06G226900.1.p	TNL
GlymaLee.16G175400.1.p	TNL
GlymaLee.16G075200.1.p	TNL
GlymaLee.06G229500.1.p	TNL
GlymaLee.02G228600.1.p	TNL
GlymaLee.16G173600.1.p	TNL
GlymaLee.16G172000.1.p	TNL
GlymaLee.19G045100.1.p	TNL
GlymaLee.01G031000.1.p	TNL
GlymaLee.12G205800.1.p	TNL
GlymaLee.02G038400.1.p	TNL
GlymaLee.06G232700.1.p	TNL
GlymaLee.06G226700.1.p	TNL
GlymaLee.12G115600.1.p	TNL
GlymaLee.03G070300.1.p	TNL
GlymaLee.16G176400.1.p	TNL
GlymaLee.01G030700.1.p	TNL
GlymaLee.03G070700.1.p	TNL
GlymaLee.12G204900.1.p	TNL
GlymaLee.16G005100.1.p	TNL
GlymaLee.03G041800.1.p	TNL
GlymaLee.01G097800.1.p	TNL
GlymaLee.19G045000.1.p	TNL
GlymaLee.16G074700.1.p	TNL
GlymaLee.03G070600.1.p	TNL
GlymaLee.06G233100.1.p	TNL
GlymaLee.16G112200.1.p	TNL
GlymaLee.13G049500.1.p	TNL
GlymaLee.06G225200.1.p	TNL
GlymaLee.02G243000.1.p	TNL
GlymaLee.07G034100.1.p	TNL
GlymaLee.01G088400.1.p	TNL
GlymaLee.06G222300.1.p	TNL
GlymaLee.16G111800.1.p	TNL
GlymaLee.13G160300.1.p	TNL
GlymaLee.12G115500.1.p	TNL
GlymaLee.06G231000.1.p	TNL
GlymaLee.11G167500.1.p	TNL
GlymaLee.20G016500.1.p	TNL
GlymaLee.12G025100.1.p	TNL
GlymaLee.01G030800.1.p	TNL
GlymaLee.10G152400.1.p	TNL
GlymaLee.15G146800.1.p	TNL
GlymaLee.06G245700.1.p	TNL
GlymaLee.16G172200.1.p	TNL
GlymaLee.16G075400.1.p	TNL
GlymaLee.03G070200.1.p	TNL
GlymaLee.01G088500.1.p	TNL
GlymaLee.01G097900.1.p	TNL
GlymaLee.15G139900.1.p	TNL
GlymaLee.16G160900.1.p	TNL
GlymaLee.19G044900.1.p	TNL
GlymaLee.03G063600.1.p	TNL
GlymaLee.07G109600.1.p	TNL
GlymaLee.16G075000.1.p	TNL
GlymaLee.13G160000.1.p	TNL
GlymaLee.20G035000.1.p	TNL
GlymaLee.16G175100.1.p	TNL
GlymaLee.16G120500.1.p	TNL
GlymaLee.06G226600.1.p	TNL
GlymaLee.16G175200.1.p	TNL
GlymaLee.16G111400.1.p	TNL
GlymaLee.07G062700.1.p	TNL
GlymaLee.06G233000.1.p	TNL
GlymaLee.16G104500.1.p	TNL
GlymaLee.06G225500.1.p	TNL
GlymaLee.01G036000.1.p	TNL
GlymaLee.16G075600.1.p	TNL
GlymaLee.08G271300.1.p	TNL
GlymaLee.12G205400.1.p	TNL
GlymaLee.06G228700.1.p	TNL
GlymaLee.16G111900.1.p	TNL
GlymaLee.06G227000.1.p	TNL
GlymaLee.14G042600.1.p	TNL
GlymaLee.06G232600.1.p	TNL
GlymaLee.16G110700.1.p	TNL
GlymaLee.16G074200.1.p	TNL
GlymaLee.09G051600.1.p	TNL
GlymaLee.16G112100.1.p	TNL
GlymaLee.12G180800.1.p	TNL
GlymaLee.08G263100.1.p	TNL
GlymaLee.15G066600.1.p	TX
GlymaLee.06G230600.1.p	TX
GlymaLee.20G170000.1.p	TX
GlymaLee.02G248900.1.p	TX
GlymaLee.18G104300.1.p	TX
GlymaLee.08G264300.1.p	TX
GlymaLee.18G104400.1.p	TX
GlymaLee.13G009700.1.p	TX
UWASoyPan00725.t1	TX
GlymaLee.08G015100.1.p	TX
UWASoyPan03336.t1	TX
GlymaLee.18G104200.1.p	TX
GlymaLee.06G215900.1.p	TX
GlymaLee.02G187800.1.p	TX
GlymaLee.14G022000.1.p	TX
GlymaLee.06G134700.1.p	TX
UWASoyPan04967.t1	TX
GlymaLee.16G176300.1.p	TX
GlymaLee.07G162300.1.p	TX
GlymaLee.06G229600.1.p	TX
UWASoyPan03261.t1	TX
GlymaLee.13G239800.1.p	TX
GlymaLee.03G042700.1.p	TX
GlymaLee.06G229900.1.p	TX
UWASoyPan00201.t1	TX
GlymaLee.02G021300.1.p	TX
GlymaLee.06G228900.1.p	TX
UWASoyPan01418.t1	TX
UWASoyPan00276.t1	TX
GlymaLee.08G264400.1.p	TX
UWASoyPan00670.t1	TX
GlymaLee.06G222400.1.p	TX
GlymaLee.06G228800.1.p	TX
UWASoyPan00542.t1	TX
GlymaLee.14G022200.1.p	TX
GlymaLee.16G175600.1.p	TX
GlymaLee.14G022100.1.p	TX
GlymaLee.02G021500.1.p	TX
GlymaLee.16G176700.1.p	TX
GlymaLee.16G170500.1.p	TX
UWASoyPan04912.t1	TX
GlymaLee.02G021600.1.p	TX
GlymaLee.10G099200.1.p	TX
GlymaLee.07G165000.1.p	TX
UWASoyPan00975.t1	TX
GlymaLee.12G189000.1.p	TX
GlymaLee.02G029800.1.p	TX
GlymaLee.06G228600.1.p	TX
GlymaLee.01G182700.1.p	TX
GlymaLee.08G148400.1.p	TX
UWASoyPan03340.t1	TX
GlymaLee.11G154600.1.p	TX
UWASoyPan02043.t1	TX
GlymaLee.08G264200.1.p	TX
GlymaLee.20G170400.1.p	TX
GlymaLee.02G021400.1.p	TX
GlymaLee.11G021000.1.p	TX
GlymaLee.06G225900.1.p	TX
GlymaLee.06G231200.1.p	TX
GlymaLee.02G248800.1.p	TX
GlymaLee.06G229100.1.p	TX
GlymaLee.06G230500.1.p	TX
