UWASoyPan00953.t1	CN
GlymaLee.13G222900.1.p	CN
GlymaLee.18G227000.1.p	CN
GlymaLee.18G080600.1.p	CN
GlymaLee.20G036200.1.p	CN
UWASoyPan01876.t1	CN
UWASoyPan04211.t1	CN
GlymaLee.19G105400.1.p	CN
GlymaLee.18G085100.1.p	CN
GlymaLee.11G142600.1.p	CN
UWASoyPan02496.t1	CN
UWASoyPan00326.t1	CN
GlymaLee.15G199500.1.p	CN
GlymaLee.20G036500.1.p	CNL
GlymaLee.13G156400.1.p	CNL
GlymaLee.03G041400.1.p	CNL
GlymaLee.15G198600.1.p	CNL
GlymaLee.01G012500.1.p	CNL
GlymaLee.18G175100.1.p	CNL
GlymaLee.03G039200.1.p	CNL
GlymaLee.15G195000.1.p	CNL
GlymaLee.06G229700.1.p	CNL
GlymaLee.13G154600.1.p	CNL
GlymaLee.06G221200.1.p	CNL
GlymaLee.03G037800.1.p	CNL
GlymaLee.15G209600.1.p	CNL
GlymaLee.20G033400.1.p	CNL
GlymaLee.15G118900.1.p	CNL
GlymaLee.19G106900.1.p	CNL
GlymaLee.03G032400.1.p	CNL
GlymaLee.02G029900.1.p	CNL
GlymaLee.09G019800.1.p	CNL
GlymaLee.14G166100.1.p	CNL
GlymaLee.19G104400.1.p	CNL
GlymaLee.03G037600.1.p	CNL
GlymaLee.07G059600.1.p	CNL
GlymaLee.19G105600.1.p	CNL
GlymaLee.10G164600.1.p	CNL
GlymaLee.04G114600.1.p	CNL
GlymaLee.14G168000.1.p	CNL
GlymaLee.03G032800.1.p	CNL
GlymaLee.01G011700.1.p	CNL
GlymaLee.15G198700.1.p	CNL
GlymaLee.07G060000.1.p	CNL
GlymaLee.03G031000.1.p	CNL
GlymaLee.03G038300.1.p	CNL
GlymaLee.03G037400.1.p	CNL
GlymaLee.09G215000.1.p	CNL
GlymaLee.13G156500.1.p	CNL
GlymaLee.01G056700.1.p	CNL
GlymaLee.01G148500.1.p	CNL
GlymaLee.07G060900.1.p	CNL
GlymaLee.13G159400.1.p	CNL
GlymaLee.03G039000.1.p	CNL
GlymaLee.03G039400.1.p	CNL
GlymaLee.13G151400.1.p	CNL
GlymaLee.07G059300.1.p	CNL
GlymaLee.07G060100.1.p	CNL
GlymaLee.03G040000.1.p	CNL
GlymaLee.01G099900.1.p	CNL
GlymaLee.08G007100.1.p	CNL
GlymaLee.18G175400.1.p	CNL
GlymaLee.19G105700.1.p	CNL
GlymaLee.15G209700.1.p	CNL
GlymaLee.07G060700.1.p	CNL
GlymaLee.07G059800.1.p	CNL
GlymaLee.14G161100.1.p	CNL
GlymaLee.14G165800.1.p	CNL
GlymaLee.13G156000.1.p	CNL
GlymaLee.09G171300.1.p	CNL
GlymaLee.14G165700.1.p	CNL
GlymaLee.01G010400.1.p	CNL
GlymaLee.07G072200.1.p	CNL
GlymaLee.03G039700.1.p	CNL
GlymaLee.03G032600.1.p	CNL
GlymaLee.18G231000.1.p	CNL
GlymaLee.08G114200.1.p	CNL
GlymaLee.07G059500.1.p	CNL
GlymaLee.15G119000.1.p	CNL
GlymaLee.13G156700.1.p	CNL
GlymaLee.14G166400.1.p	CNL
GlymaLee.01G148600.1.p	CNL
GlymaLee.01G032700.1.p	CNL
GlymaLee.03G034300.1.p	CNL
GlymaLee.15G168400.1.p	CNL
GlymaLee.03G033000.1.p	CNL
GlymaLee.07G071900.1.p	CNL
GlymaLee.15G199000.1.p	CNL
GlymaLee.03G037900.1.p	CNL
GlymaLee.03G037200.1.p	CNL
GlymaLee.14G149700.1.p	CNL
GlymaLee.09G172100.1.p	CNL
GlymaLee.07G058700.1.p	CNL
GlymaLee.19G064800.1.p	CNL
GlymaLee.08G237000.1.p	CNL
GlymaLee.11G142500.1.p	CNL
GlymaLee.13G160800.1.p	CNL
GlymaLee.13G151600.1.p	CNL
GlymaLee.13G158700.1.p	CNL
GlymaLee.03G039500.1.p	CNL
GlymaLee.13G222600.1.p	CNL
GlymaLee.03G040900.1.p	CNL
GlymaLee.20G033300.1.p	CNL
GlymaLee.02G027800.1.p	CNL
GlymaLee.14G167500.1.p	CNL
GlymaLee.18G174700.1.p	CNL
GlymaLee.03G061600.1.p	CNL
GlymaLee.12G118800.1.p	CNL
GlymaLee.03G032900.1.p	CNL
GlymaLee.06G222600.1.p	CNL
GlymaLee.02G027300.1.p	CNL
GlymaLee.05G074800.1.p	CNL
GlymaLee.12G202200.1.p	CNL
GlymaLee.16G028300.1.p	CNL
GlymaLee.14G165900.1.p	CNL
GlymaLee.16G028200.1.p	CNL
GlymaLee.18G225400.1.p	CNL
GlymaLee.17G163100.1.p	CNL
GlymaLee.19G107000.1.p	CNL
GlymaLee.12G186300.1.p	CNL
GlymaLee.18G226800.1.p	CNL
GlymaLee.07G060500.1.p	CNL
GlymaLee.14G008300.1.p	CNL
GlymaLee.13G154300.1.p	CNL
GlymaLee.07G007100.1.p	CNL
GlymaLee.18G214700.1.p	CNL
GlymaLee.03G042000.1.p	CNL
GlymaLee.03G038500.1.p	CNL
GlymaLee.19G105800.1.p	CNL
GlymaLee.16G070100.1.p	CNL
GlymaLee.13G159800.1.p	CNL
GlymaLee.15G199200.1.p	CNL
GlymaLee.12G011200.1.p	CNL
GlymaLee.13G046600.1.p	CNL
GlymaLee.09G020100.1.p	CNL
GlymaLee.03G034100.1.p	CNL
GlymaLee.09G172900.1.p	NBS
UWASoyPan03194.t1	NBS
GlymaLee.18G224100.1.p	NBS
GlymaLee.05G006600.1.p	NBS
GlymaLee.20G170300.1.p	NBS
GlymaLee.20G030500.1.p	NBS
GlymaLee.20G030600.1.p	NBS
UWASoyPan04314.t1	NBS
UWASoyPan01330.t1	NBS
GlymaLee.13G062500.1.p	NBS
UWASoyPan01320.t1	NBS
UWASoyPan02799.t1	NBS
GlymaLee.08G110100.1.p	NBS
UWASoyPan00155.t1	NBS
GlymaLee.06G232800.1.p	NBS
UWASoyPan05095.t1	NBS
UWASoyPan00772.t1	NBS
UWASoyPan04354.t1	NBS
GlymaLee.18G076600.1.p	NBS
GlymaLee.06G271900.1.p	NBS
GlymaLee.20G033100.1.p	NBS
GlymaLee.19G102100.1.p	NBS
GlymaLee.18G097300.1.p	NBS
UWASoyPan05312.t1	NBS
GlymaLee.15G117600.1.p	NBS
UWASoyPan04757.t1	NBS
GlymaLee.18G074000.1.p	NBS
GlymaLee.06G065700.1.p	NBS
UWASoyPan03402.t1	NBS
GlymaLee.18G076500.1.p	NBS
GlymaLee.07G070200.1.p	NBS
GlymaLee.06G274000.1.p	NBS
GlymaLee.02G100000.1.p	NBS
GlymaLee.08G277900.1.p	NBS
GlymaLee.03G042100.1.p	NBS
UWASoyPan01973.t1	NBS
UWASoyPan01729.t1	NBS
UWASoyPan00043.t1	NBS
UWASoyPan00427.t1	NBS
GlymaLee.08G109900.1.p	NBS
UWASoyPan01217.t1	NBS
UWASoyPan03233.t1	NBS
GlymaLee.11G195100.1.p	NBS
UWASoyPan00005.t1	NBS
UWASoyPan00316.t1	NBS
GlymaLee.08G269900.1.p	NBS
GlymaLee.05G044700.1.p	NBS
GlymaLee.19G082300.1.p	NBS
UWASoyPan03230.t1	NBS
UWASoyPan00202.t1	NBS
UWASoyPan01253.t1	NBS
GlymaLee.01G115200.1.p	NBS
GlymaLee.20G031400.1.p	NL
GlymaLee.19G108900.1.p	NL
GlymaLee.20G157800.1.p	NL
GlymaLee.17G162400.1.p	NL
GlymaLee.06G267900.1.p	NL
GlymaLee.01G010200.1.p	NL
GlymaLee.18G075800.1.p	NL
GlymaLee.06G267800.1.p	NL
GlymaLee.16G131100.1.p	NL
GlymaLee.18G089200.1.p	NL
GlymaLee.13G046900.1.p	NL
GlymaLee.05G141100.1.p	NL
GlymaLee.15G198800.1.p	NL
GlymaLee.18G081100.1.p	NL
GlymaLee.17G214900.1.p	NL
GlymaLee.03G106900.1.p	NL
GlymaLee.01G136600.1.p	NL
UWASoyPan00251.t1	NL
GlymaLee.18G076200.1.p	NL
GlymaLee.07G058200.1.p	NL
GlymaLee.20G043600.1.p	NL
GlymaLee.18G230900.1.p	NL
GlymaLee.18G226900.1.p	NL
GlymaLee.18G225600.1.p	NL
GlymaLee.18G081200.1.p	NL
GlymaLee.13G158500.1.p	NL
GlymaLee.10G034600.1.p	NL
GlymaLee.14G070300.1.p	NL
GlymaLee.08G114400.1.p	NL
GlymaLee.15G153200.1.p	NL
GlymaLee.16G131300.1.p	NL
GlymaLee.13G157700.1.p	NL
GlymaLee.03G042500.1.p	NL
GlymaLee.16G130900.1.p	NL
GlymaLee.01G030900.1.p	NL
GlymaLee.05G075000.1.p	NL
GlymaLee.15G199300.1.p	NL
GlymaLee.14G070400.1.p	NL
GlymaLee.18G076800.1.p	NL
GlymaLee.09G171400.1.p	NL
GlymaLee.08G273100.1.p	NL
GlymaLee.19G105500.1.p	NL
UWASoyPan00022.t1	NL
GlymaLee.18G224000.1.p	NL
GlymaLee.06G268000.1.p	NL
GlymaLee.03G040100.1.p	NL
GlymaLee.19G109300.1.p	NL
GlymaLee.01G033000.1.p	NL
GlymaLee.17G162900.1.p	NL
GlymaLee.17G163000.1.p	NL
GlymaLee.18G075500.1.p	NL
GlymaLee.08G288600.1.p	NL
GlymaLee.20G036300.1.p	NL
GlymaLee.20G031500.1.p	NL
GlymaLee.02G158100.1.p	NL
GlymaLee.17G162500.1.p	NL
GlymaLee.15G199700.1.p	NL
GlymaLee.18G081000.1.p	NL
GlymaLee.18G070200.1.p	NL
GlymaLee.08G294100.1.p	NL
GlymaLee.18G075900.1.p	NL
GlymaLee.17G162600.1.p	NL
GlymaLee.18G075700.1.p	NL
GlymaLee.19G108800.1.p	NL
GlymaLee.07G058000.1.p	NL
UWASoyPan01530.t1	NL
GlymaLee.11G054400.1.p	NL
GlymaLee.20G158000.1.p	NL
GlymaLee.18G080900.1.p	NL
GlymaLee.20G160000.1.p	NL
GlymaLee.18G080800.1.p	NL
GlymaLee.12G118000.1.p	NL
GlymaLee.03G038800.1.p	NL
GlymaLee.08G284000.1.p	NL
GlymaLee.01G099000.1.p	NL
GlymaLee.06G154900.1.p	NL
GlymaLee.08G283400.1.p	NL
GlymaLee.17G214800.1.p	NL
GlymaLee.05G075100.1.p	NL
GlymaLee.03G038100.1.p	NL
GlymaLee.04G106500.1.p	NL
GlymaLee.08G285100.1.p	NL
GlymaLee.18G225500.1.p	NL
GlymaLee.16G074500.1.p	NL
GlymaLee.18G144600.1.p	NL
GlymaLee.16G176500.1.p	NL
GlymaLee.02G023600.1.p	NL
GlymaLee.15G195300.1.p	NL
GlymaLee.18G073900.1.p	NL
GlymaLee.18G098100.1.p	NL
GlymaLee.18G076300.1.p	NL
GlymaLee.11G067000.1.p	NL
GlymaLee.03G045600.1.p	NL
GlymaLee.08G283700.1.p	NL
GlymaLee.19G109100.1.p	NL
GlymaLee.13G206400.1.p	OTHER
GlymaLee.03G045200.1.p	OTHER
GlymaLee.14G119100.1.p	OTHER
GlymaLee.03G061700.1.p	OTHER
GlymaLee.19G020100.1.p	OTHER
GlymaLee.09G125700.1.p	OTHER
GlymaLee.12G205500.1.p	OTHER
GlymaLee.03G045400.1.p	OTHER
GlymaLee.03G045700.1.p	OTHER
GlymaLee.16G172700.1.p	OTHER
GlymaLee.16G130700.1.p	OTHER
GlymaLee.06G266800.1.p	OTHER
GlymaLee.16G131200.1.p	OTHER
GlymaLee.02G242900.1.p	OTHER
GlymaLee.13G051000.1.p	OTHER
GlymaLee.16G130800.1.p	OTHER
GlymaLee.16G131000.1.p	OTHER
GlymaLee.03G045900.1.p	OTHER
GlymaLee.01G030300.1.p	OTHER
GlymaLee.03G045500.1.p	OTHER
GlymaLee.13G159900.1.p	TN
GlymaLee.13G160100.1.p	TN
GlymaLee.04G180300.1.p	TN
GlymaLee.06G210500.1.p	TN
GlymaLee.16G111100.1.p	TN
GlymaLee.06G276900.1.p	TN
GlymaLee.16G112000.1.p	TN
GlymaLee.15G200400.1.p	TN
GlymaLee.06G224900.1.p	TN
GlymaLee.13G160200.1.p	TN
GlymaLee.06G229300.1.p	TN
GlymaLee.16G111300.1.p	TN
GlymaLee.16G176600.1.p	TN
GlymaLee.04G100300.1.p	TN
GlymaLee.16G176800.1.p	TN
GlymaLee.12G136000.1.p	TN
GlymaLee.15G200500.1.p	TN
GlymaLee.05G180500.1.p	TN
GlymaLee.16G098200.1.p	TN
GlymaLee.15G200300.1.p	TN
GlymaLee.16G175900.1.p	TN
GlymaLee.16G175500.1.p	TN
GlymaLee.12G115400.1.p	TNL
GlymaLee.01G042800.1.p	TNL
GlymaLee.16G030300.1.p	TNL
GlymaLee.10G152500.1.p	TNL
GlymaLee.09G051200.1.p	TNL
GlymaLee.03G042400.1.p	TNL
GlymaLee.08G269300.1.p	TNL
GlymaLee.15G023400.1.p	TNL
GlymaLee.16G111500.1.p	TNL
GlymaLee.16G174900.1.p	TNL
GlymaLee.16G131400.1.p	TNL
GlymaLee.09G067100.1.p	TNL
GlymaLee.16G075300.1.p	TNL
GlymaLee.16G176100.1.p	TNL
GlymaLee.06G230700.1.p	TNL
GlymaLee.15G139800.1.p	TNL
GlymaLee.08G179300.1.p	TNL
GlymaLee.05G141200.1.p	TNL
GlymaLee.06G226900.1.p	TNL
GlymaLee.16G175400.1.p	TNL
GlymaLee.16G075200.1.p	TNL
GlymaLee.06G229500.1.p	TNL
GlymaLee.02G228600.1.p	TNL
GlymaLee.16G173600.1.p	TNL
GlymaLee.16G172000.1.p	TNL
GlymaLee.19G045100.1.p	TNL
GlymaLee.01G031000.1.p	TNL
GlymaLee.12G205800.1.p	TNL
GlymaLee.02G038400.1.p	TNL
GlymaLee.06G232700.1.p	TNL
GlymaLee.06G226700.1.p	TNL
GlymaLee.12G115600.1.p	TNL
GlymaLee.03G070300.1.p	TNL
GlymaLee.16G176400.1.p	TNL
GlymaLee.01G030700.1.p	TNL
GlymaLee.03G070700.1.p	TNL
GlymaLee.12G204900.1.p	TNL
GlymaLee.16G005100.1.p	TNL
GlymaLee.03G041800.1.p	TNL
GlymaLee.01G097800.1.p	TNL
GlymaLee.19G045000.1.p	TNL
GlymaLee.16G074700.1.p	TNL
GlymaLee.03G070600.1.p	TNL
GlymaLee.06G233100.1.p	TNL
GlymaLee.16G112200.1.p	TNL
GlymaLee.13G049500.1.p	TNL
GlymaLee.06G225200.1.p	TNL
GlymaLee.02G243000.1.p	TNL
GlymaLee.07G034100.1.p	TNL
GlymaLee.01G088400.1.p	TNL
GlymaLee.06G222300.1.p	TNL
GlymaLee.16G111800.1.p	TNL
GlymaLee.13G160300.1.p	TNL
GlymaLee.12G115500.1.p	TNL
GlymaLee.06G231000.1.p	TNL
GlymaLee.11G167500.1.p	TNL
GlymaLee.20G016500.1.p	TNL
GlymaLee.12G025100.1.p	TNL
GlymaLee.01G030800.1.p	TNL
GlymaLee.10G152400.1.p	TNL
GlymaLee.15G146800.1.p	TNL
GlymaLee.06G245700.1.p	TNL
GlymaLee.16G172200.1.p	TNL
GlymaLee.16G075400.1.p	TNL
GlymaLee.03G070200.1.p	TNL
GlymaLee.01G088500.1.p	TNL
GlymaLee.01G097900.1.p	TNL
GlymaLee.15G139900.1.p	TNL
GlymaLee.16G160900.1.p	TNL
GlymaLee.19G044900.1.p	TNL
GlymaLee.03G063600.1.p	TNL
GlymaLee.07G109600.1.p	TNL
GlymaLee.16G075000.1.p	TNL
GlymaLee.13G160000.1.p	TNL
GlymaLee.20G035000.1.p	TNL
GlymaLee.16G175100.1.p	TNL
GlymaLee.16G120500.1.p	TNL
GlymaLee.06G226600.1.p	TNL
GlymaLee.16G175200.1.p	TNL
GlymaLee.16G111400.1.p	TNL
GlymaLee.07G062700.1.p	TNL
GlymaLee.06G233000.1.p	TNL
GlymaLee.16G104500.1.p	TNL
GlymaLee.06G225500.1.p	TNL
GlymaLee.01G036000.1.p	TNL
GlymaLee.16G075600.1.p	TNL
GlymaLee.08G271300.1.p	TNL
GlymaLee.12G205400.1.p	TNL
GlymaLee.06G228700.1.p	TNL
GlymaLee.16G111900.1.p	TNL
GlymaLee.06G227000.1.p	TNL
GlymaLee.14G042600.1.p	TNL
GlymaLee.06G232600.1.p	TNL
GlymaLee.16G110700.1.p	TNL
GlymaLee.16G074200.1.p	TNL
GlymaLee.09G051600.1.p	TNL
GlymaLee.16G112100.1.p	TNL
GlymaLee.12G180800.1.p	TNL
GlymaLee.08G263100.1.p	TNL
GlymaLee.15G066600.1.p	TX
GlymaLee.06G230600.1.p	TX
GlymaLee.20G170000.1.p	TX
GlymaLee.02G248900.1.p	TX
GlymaLee.18G104300.1.p	TX
GlymaLee.08G264300.1.p	TX
GlymaLee.18G104400.1.p	TX
GlymaLee.13G009700.1.p	TX
UWASoyPan00725.t1	TX
GlymaLee.08G015100.1.p	TX
UWASoyPan03336.t1	TX
GlymaLee.18G104200.1.p	TX
GlymaLee.06G215900.1.p	TX
GlymaLee.02G187800.1.p	TX
GlymaLee.14G022000.1.p	TX
GlymaLee.06G134700.1.p	TX
UWASoyPan04967.t1	TX
GlymaLee.16G176300.1.p	TX
GlymaLee.07G162300.1.p	TX
GlymaLee.06G229600.1.p	TX
UWASoyPan03261.t1	TX
GlymaLee.13G239800.1.p	TX
GlymaLee.03G042700.1.p	TX
GlymaLee.06G229900.1.p	TX
UWASoyPan00201.t1	TX
GlymaLee.02G021300.1.p	TX
GlymaLee.06G228900.1.p	TX
UWASoyPan01418.t1	TX
UWASoyPan00276.t1	TX
GlymaLee.08G264400.1.p	TX
UWASoyPan00670.t1	TX
GlymaLee.06G222400.1.p	TX
GlymaLee.06G228800.1.p	TX
UWASoyPan00542.t1	TX
GlymaLee.14G022200.1.p	TX
GlymaLee.16G175600.1.p	TX
GlymaLee.14G022100.1.p	TX
GlymaLee.02G021500.1.p	TX
GlymaLee.16G176700.1.p	TX
GlymaLee.16G170500.1.p	TX
UWASoyPan04912.t1	TX
GlymaLee.02G021600.1.p	TX
GlymaLee.10G099200.1.p	TX
GlymaLee.07G165000.1.p	TX
UWASoyPan00975.t1	TX
GlymaLee.12G189000.1.p	TX
GlymaLee.02G029800.1.p	TX
GlymaLee.06G228600.1.p	TX
GlymaLee.01G182700.1.p	TX
GlymaLee.08G148400.1.p	TX
UWASoyPan03340.t1	TX
GlymaLee.11G154600.1.p	TX
UWASoyPan02043.t1	TX
GlymaLee.08G264200.1.p	TX
GlymaLee.20G170400.1.p	TX
GlymaLee.02G021400.1.p	TX
GlymaLee.11G021000.1.p	TX
GlymaLee.06G225900.1.p	TX
GlymaLee.06G231200.1.p	TX
GlymaLee.02G248800.1.p	TX
GlymaLee.06G229100.1.p	TX
GlymaLee.06G230500.1.p	TX
GlymaLee.01G001800.1.p	RLK
GlymaLee.01G004900.1.p	RLK
GlymaLee.01G007300.1.p	RLK
GlymaLee.01G007400.1.p	RLK
GlymaLee.01G012800.1.p	RLK
GlymaLee.01G018800.1.p	RLK
GlymaLee.01G021100.1.p	RLK
GlymaLee.01G025500.1.p	RLK
GlymaLee.01G026500.1.p	RLK
GlymaLee.01G027000.1.p	RLK
GlymaLee.01G040000.1.p	RLK
GlymaLee.01G054300.1.p	RLK
GlymaLee.01G060200.1.p	RLK
GlymaLee.01G071400.1.p	RLK
GlymaLee.01G074900.1.p	RLK
GlymaLee.01G080100.1.p	RLK
GlymaLee.01G084700.1.p	RLK
GlymaLee.01G091900.1.p	RLK
GlymaLee.01G092200.1.p	RLK
GlymaLee.01G092300.1.p	RLK
GlymaLee.01G092400.1.p	RLK
GlymaLee.01G097700.1.p	RLK
GlymaLee.01G098200.1.p	RLK
GlymaLee.01G102400.1.p	RLK
GlymaLee.01G104100.1.p	RLK
GlymaLee.01G117300.1.p	RLK
GlymaLee.01G122000.1.p	RLK
GlymaLee.01G123800.1.p	RLK
GlymaLee.01G133900.1.p	RLK
GlymaLee.01G144400.1.p	RLK
GlymaLee.01G144500.1.p	RLK
GlymaLee.01G147800.1.p	RLK
GlymaLee.01G152300.1.p	RLK
GlymaLee.01G161800.1.p	RLK
GlymaLee.01G162000.1.p	RLK
GlymaLee.01G169800.1.p	RLK
GlymaLee.01G169900.1.p	RLK
GlymaLee.01G174800.1.p	RLK
GlymaLee.01G176500.1.p	RLK
GlymaLee.01G180800.1.p	RLK
GlymaLee.01G185200.1.p	RLK
GlymaLee.01G186000.1.p	RLK
GlymaLee.01G202400.1.p	RLK
GlymaLee.01G202500.1.p	RLK
GlymaLee.01G202600.1.p	RLK
GlymaLee.02G000400.1.p	RLK
GlymaLee.02G010600.1.p	RLK
GlymaLee.02G018500.1.p	RLK
GlymaLee.02G021900.1.p	RLK
GlymaLee.02G033300.1.p	RLK
GlymaLee.02G033900.1.p	RLK
GlymaLee.02G034000.1.p	RLK
GlymaLee.02G039500.1.p	RLK
GlymaLee.02G041000.1.p	RLK
GlymaLee.02G046400.1.p	RLK
GlymaLee.02G052300.1.p	RLK
GlymaLee.02G054200.1.p	RLK
GlymaLee.02G055700.1.p	RLK
GlymaLee.02G068400.1.p	RLK
GlymaLee.02G068900.1.p	RLK
GlymaLee.02G079000.1.p	RLK
GlymaLee.02G086600.1.p	RLK
GlymaLee.02G088700.1.p	RLK
GlymaLee.02G089000.1.p	RLK
GlymaLee.02G089100.1.p	RLK
GlymaLee.02G091000.1.p	RLK
GlymaLee.02G106300.1.p	RLK
GlymaLee.02G107300.1.p	RLK
GlymaLee.02G107400.1.p	RLK
GlymaLee.02G112400.1.p	RLK
GlymaLee.02G113900.1.p	RLK
GlymaLee.02G134300.1.p	RLK
GlymaLee.02G139300.1.p	RLK
GlymaLee.02G149300.1.p	RLK
GlymaLee.02G151900.1.p	RLK
GlymaLee.02G152900.1.p	RLK
GlymaLee.02G156500.1.p	RLK
GlymaLee.02G157600.1.p	RLK
GlymaLee.02G165200.1.p	RLK
GlymaLee.02G165900.1.p	RLK
GlymaLee.02G171000.1.p	RLK
GlymaLee.02G173800.1.p	RLK
GlymaLee.02G174900.1.p	RLK
GlymaLee.02G185400.1.p	RLK
GlymaLee.02G187200.1.p	RLK
GlymaLee.02G192500.1.p	RLK
GlymaLee.02G193400.1.p	RLK
GlymaLee.02G198200.1.p	RLK
GlymaLee.02G198400.1.p	RLK
GlymaLee.02G200200.1.p	RLK
GlymaLee.02G200500.1.p	RLK
GlymaLee.02G204700.1.p	RLK
GlymaLee.02G205700.1.p	RLK
GlymaLee.02G207200.1.p	RLK
GlymaLee.02G218600.1.p	RLK
GlymaLee.02G222100.1.p	RLK
GlymaLee.02G224600.1.p	RLK
GlymaLee.02G229100.1.p	RLK
GlymaLee.02G230400.1.p	RLK
GlymaLee.02G233800.1.p	RLK
GlymaLee.02G235300.1.p	RLK
GlymaLee.02G238300.1.p	RLK
GlymaLee.02G240300.1.p	RLK
GlymaLee.02G244900.1.p	RLK
GlymaLee.02G247200.1.p	RLK
GlymaLee.02G249800.1.p	RLK
GlymaLee.02G255000.1.p	RLK
GlymaLee.02G259600.1.p	RLK
GlymaLee.03G002600.1.p	RLK
GlymaLee.03G002800.1.p	RLK
GlymaLee.03G002900.1.p	RLK
GlymaLee.03G003000.1.p	RLK
GlymaLee.03G003100.1.p	RLK
GlymaLee.03G017900.1.p	RLK
GlymaLee.03G020900.1.p	RLK
GlymaLee.03G023500.1.p	RLK
GlymaLee.03G024200.1.p	RLK
GlymaLee.03G030800.1.p	RLK
GlymaLee.03G041600.1.p	RLK
GlymaLee.03G042900.1.p	RLK
GlymaLee.03G044100.1.p	RLK
GlymaLee.03G046200.1.p	RLK
GlymaLee.03G046300.1.p	RLK
GlymaLee.03G054600.1.p	RLK
GlymaLee.03G055100.1.p	RLK
GlymaLee.03G064700.1.p	RLK
GlymaLee.03G072700.1.p	RLK
GlymaLee.03G072800.1.p	RLK
GlymaLee.03G075700.1.p	RLK
GlymaLee.03G107000.1.p	RLK
GlymaLee.03G107800.1.p	RLK
GlymaLee.03G109500.1.p	RLK
GlymaLee.03G110100.1.p	RLK
GlymaLee.03G111600.1.p	RLK
GlymaLee.03G117300.1.p	RLK
GlymaLee.03G132500.1.p	RLK
GlymaLee.03G132600.1.p	RLK
GlymaLee.03G133000.1.p	RLK
GlymaLee.03G133100.1.p	RLK
GlymaLee.03G134300.1.p	RLK
GlymaLee.03G136200.1.p	RLK
GlymaLee.03G143500.1.p	RLK
GlymaLee.03G153200.1.p	RLK
GlymaLee.03G154500.1.p	RLK
GlymaLee.03G166000.1.p	RLK
GlymaLee.03G183800.1.p	RLK
GlymaLee.03G191900.1.p	RLK
GlymaLee.03G209800.1.p	RLK
GlymaLee.03G214900.1.p	RLK
GlymaLee.03G221300.1.p	RLK
GlymaLee.03G222900.1.p	RLK
GlymaLee.03G223500.1.p	RLK
GlymaLee.03G223700.1.p	RLK
GlymaLee.04G012300.1.p	RLK
GlymaLee.04G012400.1.p	RLK
GlymaLee.04G012800.1.p	RLK
GlymaLee.04G026000.1.p	RLK
GlymaLee.04G033700.1.p	RLK
GlymaLee.04G039500.1.p	RLK
GlymaLee.04G040400.1.p	RLK
GlymaLee.04G040500.1.p	RLK
GlymaLee.04G053700.1.p	RLK
GlymaLee.04G058000.1.p	RLK
GlymaLee.04G059600.1.p	RLK
GlymaLee.04G062000.1.p	RLK
GlymaLee.04G062800.1.p	RLK
GlymaLee.04G072000.1.p	RLK
GlymaLee.04G074800.1.p	RLK
GlymaLee.04G079100.1.p	RLK
GlymaLee.04G080300.1.p	RLK
GlymaLee.04G082200.1.p	RLK
GlymaLee.04G082300.1.p	RLK
GlymaLee.04G100900.1.p	RLK
GlymaLee.04G107800.1.p	RLK
GlymaLee.04G115300.1.p	RLK
GlymaLee.04G122400.1.p	RLK
GlymaLee.04G123200.1.p	RLK
GlymaLee.04G133900.1.p	RLK
GlymaLee.04G140500.1.p	RLK
GlymaLee.04G154200.1.p	RLK
GlymaLee.04G157900.1.p	RLK
GlymaLee.04G179000.1.p	RLK
GlymaLee.04G181100.1.p	RLK
GlymaLee.04G183700.1.p	RLK
GlymaLee.04G184700.1.p	RLK
GlymaLee.04G190800.1.p	RLK
GlymaLee.04G198700.1.p	RLK
GlymaLee.04G199300.1.p	RLK
GlymaLee.04G203100.1.p	RLK
GlymaLee.05G005000.1.p	RLK
GlymaLee.05G010500.1.p	RLK
GlymaLee.05G021600.1.p	RLK
GlymaLee.05G027700.1.p	RLK
GlymaLee.05G029500.1.p	RLK
GlymaLee.05G036600.1.p	RLK
GlymaLee.05G038000.1.p	RLK
GlymaLee.05G048700.1.p	RLK
GlymaLee.05G067200.1.p	RLK
GlymaLee.05G077400.1.p	RLK
GlymaLee.05G081500.1.p	RLK
GlymaLee.05G082700.1.p	RLK
GlymaLee.05G082800.1.p	RLK
GlymaLee.05G082900.1.p	RLK
GlymaLee.05G090800.1.p	RLK
GlymaLee.05G097500.1.p	RLK
GlymaLee.05G097600.1.p	RLK
GlymaLee.05G101600.1.p	RLK
GlymaLee.05G103500.1.p	RLK
GlymaLee.05G105300.1.p	RLK
GlymaLee.05G111500.1.p	RLK
GlymaLee.05G113500.1.p	RLK
GlymaLee.05G120800.1.p	RLK
GlymaLee.05G127100.1.p	RLK
GlymaLee.05G134500.1.p	RLK
GlymaLee.05G134600.1.p	RLK
GlymaLee.05G135100.1.p	RLK
GlymaLee.05G138300.1.p	RLK
GlymaLee.05G143900.1.p	RLK
GlymaLee.05G145500.1.p	RLK
GlymaLee.05G151800.1.p	RLK
GlymaLee.05G168900.1.p	RLK
GlymaLee.05G177800.1.p	RLK
GlymaLee.05G178600.1.p	RLK
GlymaLee.05G184900.1.p	RLK
GlymaLee.05G187500.1.p	RLK
GlymaLee.05G206400.1.p	RLK
GlymaLee.05G214100.1.p	RLK
GlymaLee.05G216000.1.p	RLK
GlymaLee.06G011500.1.p	RLK
GlymaLee.06G011600.1.p	RLK
GlymaLee.06G024400.1.p	RLK
GlymaLee.06G032800.1.p	RLK
GlymaLee.06G039400.1.p	RLK
GlymaLee.06G051000.1.p	RLK
GlymaLee.06G056300.1.p	RLK
GlymaLee.06G058200.1.p	RLK
GlymaLee.06G061000.1.p	RLK
GlymaLee.06G061800.1.p	RLK
GlymaLee.06G074900.1.p	RLK
GlymaLee.06G079800.1.p	RLK
GlymaLee.06G081200.1.p	RLK
GlymaLee.06G083000.1.p	RLK
GlymaLee.06G083100.1.p	RLK
GlymaLee.06G101900.1.p	RLK
GlymaLee.06G109900.1.p	RLK
GlymaLee.06G114000.1.p	RLK
GlymaLee.06G114600.1.p	RLK
GlymaLee.06G117200.1.p	RLK
GlymaLee.06G124200.1.p	RLK
GlymaLee.06G129800.1.p	RLK
GlymaLee.06G131200.1.p	RLK
GlymaLee.06G134000.1.p	RLK
GlymaLee.06G136200.1.p	RLK
GlymaLee.06G159400.1.p	RLK
GlymaLee.06G162700.1.p	RLK
GlymaLee.06G170800.1.p	RLK
GlymaLee.06G175400.1.p	RLK
GlymaLee.06G182100.1.p	RLK
GlymaLee.06G192100.1.p	RLK
GlymaLee.06G194500.1.p	RLK
GlymaLee.06G195800.1.p	RLK
GlymaLee.06G198500.1.p	RLK
GlymaLee.06G202100.1.p	RLK
GlymaLee.06G202200.1.p	RLK
GlymaLee.06G208900.1.p	RLK
GlymaLee.06G210200.1.p	RLK
GlymaLee.06G216900.1.p	RLK
GlymaLee.06G222200.1.p	RLK
GlymaLee.06G222700.1.p	RLK
GlymaLee.06G222800.1.p	RLK
GlymaLee.06G222900.1.p	RLK
GlymaLee.06G223100.1.p	RLK
GlymaLee.06G223200.1.p	RLK
GlymaLee.06G223300.1.p	RLK
GlymaLee.06G223400.1.p	RLK
GlymaLee.06G223800.1.p	RLK
GlymaLee.06G224000.1.p	RLK
GlymaLee.06G224100.1.p	RLK
GlymaLee.06G224200.1.p	RLK
GlymaLee.06G224300.1.p	RLK
GlymaLee.06G224400.1.p	RLK
GlymaLee.06G224600.1.p	RLK
GlymaLee.06G224700.1.p	RLK
GlymaLee.06G226200.1.p	RLK
GlymaLee.06G226300.1.p	RLK
GlymaLee.06G226400.1.p	RLK
GlymaLee.06G227100.1.p	RLK
GlymaLee.06G227200.1.p	RLK
GlymaLee.06G227300.1.p	RLK
GlymaLee.06G227400.1.p	RLK
GlymaLee.06G227500.1.p	RLK
GlymaLee.06G227600.1.p	RLK
GlymaLee.06G227800.1.p	RLK
GlymaLee.06G231500.1.p	RLK
GlymaLee.06G247600.1.p	RLK
GlymaLee.06G250800.1.p	RLK
GlymaLee.06G254900.1.p	RLK
GlymaLee.06G258400.1.p	RLK
GlymaLee.06G268600.1.p	RLK
GlymaLee.06G276300.1.p	RLK
GlymaLee.07G004200.1.p	RLK
GlymaLee.07G004300.1.p	RLK
GlymaLee.07G008900.1.p	RLK
GlymaLee.07G012300.1.p	RLK
GlymaLee.07G013500.1.p	RLK
GlymaLee.07G021400.1.p	RLK
GlymaLee.07G038200.1.p	RLK
GlymaLee.07G043500.1.p	RLK
GlymaLee.07G043900.1.p	RLK
GlymaLee.07G047500.1.p	RLK
GlymaLee.07G052100.1.p	RLK
GlymaLee.07G061400.1.p	RLK
GlymaLee.07G063800.1.p	RLK
GlymaLee.07G074100.1.p	RLK
GlymaLee.07G076100.1.p	RLK
GlymaLee.07G079000.1.p	RLK
GlymaLee.07G086700.1.p	RLK
GlymaLee.07G086800.1.p	RLK
GlymaLee.07G086900.1.p	RLK
GlymaLee.07G087200.1.p	RLK
GlymaLee.07G087300.1.p	RLK
GlymaLee.07G087500.1.p	RLK
GlymaLee.07G087600.1.p	RLK
GlymaLee.07G087800.1.p	RLK
GlymaLee.07G087900.1.p	RLK
GlymaLee.07G092800.1.p	RLK
GlymaLee.07G094700.1.p	RLK
GlymaLee.07G099000.1.p	RLK
GlymaLee.07G099200.1.p	RLK
GlymaLee.07G112900.1.p	RLK
GlymaLee.07G116400.1.p	RLK
GlymaLee.07G120300.1.p	RLK
GlymaLee.07G120400.1.p	RLK
GlymaLee.07G121600.1.p	RLK
GlymaLee.07G121700.1.p	RLK
GlymaLee.07G129600.1.p	RLK
GlymaLee.07G135000.1.p	RLK
GlymaLee.07G136400.1.p	RLK
GlymaLee.07G136600.1.p	RLK
GlymaLee.07G146700.1.p	RLK
GlymaLee.07G146800.1.p	RLK
GlymaLee.07G154300.1.p	RLK
GlymaLee.07G154400.1.p	RLK
GlymaLee.07G158700.1.p	RLK
GlymaLee.07G161800.1.p	RLK
GlymaLee.07G170400.1.p	RLK
GlymaLee.07G170500.1.p	RLK
GlymaLee.07G180600.1.p	RLK
GlymaLee.07G197700.1.p	RLK
GlymaLee.07G221700.1.p	RLK
GlymaLee.07G231400.1.p	RLK
GlymaLee.07G231500.1.p	RLK
GlymaLee.08G003800.1.p	RLK
GlymaLee.08G012300.1.p	RLK
GlymaLee.08G013200.1.p	RLK
GlymaLee.08G019500.1.p	RLK
GlymaLee.08G021500.1.p	RLK
GlymaLee.08G025900.1.p	RLK
GlymaLee.08G041300.1.p	RLK
GlymaLee.08G041400.1.p	RLK
GlymaLee.08G045400.1.p	RLK
GlymaLee.08G048600.1.p	RLK
GlymaLee.08G051400.1.p	RLK
GlymaLee.08G055900.1.p	RLK
GlymaLee.08G056200.1.p	RLK
GlymaLee.08G056500.1.p	RLK
GlymaLee.08G057200.1.p	RLK
GlymaLee.08G058000.1.p	RLK
GlymaLee.08G058100.1.p	RLK
GlymaLee.08G058200.1.p	RLK
GlymaLee.08G060300.1.p	RLK
GlymaLee.08G060500.1.p	RLK
GlymaLee.08G060600.1.p	RLK
GlymaLee.08G060700.1.p	RLK
GlymaLee.08G060800.1.p	RLK
GlymaLee.08G060900.1.p	RLK
GlymaLee.08G069100.1.p	RLK
GlymaLee.08G069800.1.p	RLK
GlymaLee.08G076800.1.p	RLK
GlymaLee.08G083100.1.p	RLK
GlymaLee.08G085200.1.p	RLK
GlymaLee.08G086100.1.p	RLK
GlymaLee.08G087200.1.p	RLK
GlymaLee.08G093000.1.p	RLK
GlymaLee.08G099500.1.p	RLK
GlymaLee.08G107500.1.p	RLK
GlymaLee.08G107600.1.p	RLK
GlymaLee.08G108000.1.p	RLK
GlymaLee.08G114600.1.p	RLK
GlymaLee.08G116400.1.p	RLK
GlymaLee.08G117900.1.p	RLK
GlymaLee.08G119000.1.p	RLK
GlymaLee.08G119100.1.p	RLK
GlymaLee.08G125500.1.p	RLK
GlymaLee.08G155400.1.p	RLK
GlymaLee.08G162500.1.p	RLK
GlymaLee.08G164200.1.p	RLK
GlymaLee.08G167300.1.p	RLK
GlymaLee.08G168500.1.p	RLK
GlymaLee.08G174300.1.p	RLK
GlymaLee.08G179400.1.p	RLK
GlymaLee.08G183800.1.p	RLK
GlymaLee.08G184100.1.p	RLK
GlymaLee.08G184300.1.p	RLK
GlymaLee.08G184400.1.p	RLK
GlymaLee.08G184900.1.p	RLK
GlymaLee.08G186300.1.p	RLK
GlymaLee.08G202100.1.p	RLK
GlymaLee.08G209000.1.p	RLK
GlymaLee.08G210300.1.p	RLK
GlymaLee.08G211800.1.p	RLK
GlymaLee.08G213400.1.p	RLK
GlymaLee.08G217200.1.p	RLK
GlymaLee.08G217300.1.p	RLK
GlymaLee.08G217900.1.p	RLK
GlymaLee.08G225700.1.p	RLK
GlymaLee.08G227900.1.p	RLK
GlymaLee.08G228200.1.p	RLK
GlymaLee.08G228600.1.p	RLK
GlymaLee.08G231700.1.p	RLK
GlymaLee.08G233500.1.p	RLK
GlymaLee.08G234700.1.p	RLK
GlymaLee.08G236000.1.p	RLK
GlymaLee.08G241800.1.p	RLK
GlymaLee.08G253500.1.p	RLK
GlymaLee.08G254200.1.p	RLK
GlymaLee.08G256900.1.p	RLK
GlymaLee.08G266300.1.p	RLK
GlymaLee.08G270800.1.p	RLK
GlymaLee.08G274800.1.p	RLK
GlymaLee.08G274900.1.p	RLK
GlymaLee.08G276500.1.p	RLK
GlymaLee.08G298100.1.p	RLK
GlymaLee.08G314400.1.p	RLK
GlymaLee.08G314600.1.p	RLK
GlymaLee.08G314700.1.p	RLK
GlymaLee.08G314900.1.p	RLK
GlymaLee.08G317300.1.p	RLK
GlymaLee.08G317400.1.p	RLK
GlymaLee.08G317500.1.p	RLK
GlymaLee.08G317600.1.p	RLK
GlymaLee.08G319400.1.p	RLK
GlymaLee.08G319600.1.p	RLK
GlymaLee.09G002800.1.p	RLK
GlymaLee.09G005000.1.p	RLK
GlymaLee.09G006500.1.p	RLK
GlymaLee.09G014100.1.p	RLK
GlymaLee.09G018200.1.p	RLK
GlymaLee.09G018300.1.p	RLK
GlymaLee.09G023700.1.p	RLK
GlymaLee.09G023900.1.p	RLK
GlymaLee.09G026100.1.p	RLK
GlymaLee.09G026300.1.p	RLK
GlymaLee.09G026400.1.p	RLK
GlymaLee.09G026500.1.p	RLK
GlymaLee.09G026600.1.p	RLK
GlymaLee.09G044600.1.p	RLK
GlymaLee.09G046200.1.p	RLK
GlymaLee.09G050700.1.p	RLK
GlymaLee.09G056900.1.p	RLK
GlymaLee.09G057600.1.p	RLK
GlymaLee.09G065300.1.p	RLK
GlymaLee.09G070500.1.p	RLK
GlymaLee.09G076400.1.p	RLK
GlymaLee.09G081200.1.p	RLK
GlymaLee.09G081600.1.p	RLK
GlymaLee.09G082400.1.p	RLK
GlymaLee.09G082500.1.p	RLK
GlymaLee.09G083000.1.p	RLK
GlymaLee.09G089400.1.p	RLK
GlymaLee.09G089600.1.p	RLK
GlymaLee.09G092800.1.p	RLK
GlymaLee.09G104400.1.p	RLK
GlymaLee.09G116400.1.p	RLK
GlymaLee.09G116800.1.p	RLK
GlymaLee.09G117000.1.p	RLK
GlymaLee.09G117100.1.p	RLK
GlymaLee.09G117700.1.p	RLK
GlymaLee.09G119600.1.p	RLK
GlymaLee.09G124900.1.p	RLK
GlymaLee.09G125400.1.p	RLK
GlymaLee.09G136500.1.p	RLK
GlymaLee.09G140200.1.p	RLK
GlymaLee.09G144500.1.p	RLK
GlymaLee.09G144800.1.p	RLK
GlymaLee.09G153800.1.p	RLK
GlymaLee.09G159100.1.p	RLK
GlymaLee.09G161400.1.p	RLK
GlymaLee.09G163700.1.p	RLK
GlymaLee.09G176100.1.p	RLK
GlymaLee.09G176800.1.p	RLK
GlymaLee.09G177600.1.p	RLK
GlymaLee.09G177800.1.p	RLK
GlymaLee.09G189500.1.p	RLK
GlymaLee.09G201500.1.p	RLK
GlymaLee.09G204200.1.p	RLK
GlymaLee.09G210200.1.p	RLK
GlymaLee.09G212700.1.p	RLK
GlymaLee.09G227900.1.p	RLK
GlymaLee.09G228400.1.p	RLK
GlymaLee.09G228800.1.p	RLK
GlymaLee.09G230100.1.p	RLK
GlymaLee.10G011000.1.p	RLK
GlymaLee.10G021600.1.p	RLK
GlymaLee.10G037700.1.p	RLK
GlymaLee.10G038500.1.p	RLK
GlymaLee.10G045400.1.p	RLK
GlymaLee.10G048600.1.p	RLK
GlymaLee.10G048700.1.p	RLK
GlymaLee.10G059500.1.p	RLK
GlymaLee.10G063200.1.p	RLK
GlymaLee.10G072200.1.p	RLK
GlymaLee.10G079800.1.p	RLK
GlymaLee.10G083800.1.p	RLK
GlymaLee.10G085100.1.p	RLK
GlymaLee.10G086900.1.p	RLK
GlymaLee.10G088200.1.p	RLK
GlymaLee.10G092100.1.p	RLK
GlymaLee.10G103200.1.p	RLK
GlymaLee.10G116200.1.p	RLK
GlymaLee.10G127600.1.p	RLK
GlymaLee.10G134200.1.p	RLK
GlymaLee.10G135300.1.p	RLK
GlymaLee.10G146000.1.p	RLK
GlymaLee.10G163700.1.p	RLK
GlymaLee.10G184700.1.p	RLK
GlymaLee.10G186600.1.p	RLK
GlymaLee.10G188400.1.p	RLK
GlymaLee.10G191900.1.p	RLK
GlymaLee.10G193800.1.p	RLK
GlymaLee.10G196200.1.p	RLK
GlymaLee.10G202000.1.p	RLK
GlymaLee.10G205800.1.p	RLK
GlymaLee.10G206600.1.p	RLK
GlymaLee.10G216000.1.p	RLK
GlymaLee.10G216100.1.p	RLK
GlymaLee.10G216300.1.p	RLK
GlymaLee.10G216400.1.p	RLK
GlymaLee.10G216500.1.p	RLK
GlymaLee.10G216600.1.p	RLK
GlymaLee.10G216700.1.p	RLK
GlymaLee.10G216800.1.p	RLK
GlymaLee.10G217000.1.p	RLK
GlymaLee.10G217200.1.p	RLK
GlymaLee.10G217300.1.p	RLK
GlymaLee.10G224000.1.p	RLK
GlymaLee.10G231500.1.p	RLK
GlymaLee.10G232100.1.p	RLK
GlymaLee.10G232400.1.p	RLK
GlymaLee.10G232700.1.p	RLK
GlymaLee.10G232800.1.p	RLK
GlymaLee.10G232900.1.p	RLK
GlymaLee.11G002300.1.p	RLK
GlymaLee.11G017600.1.p	RLK
GlymaLee.11G018600.1.p	RLK
GlymaLee.11G022700.1.p	RLK
GlymaLee.11G026100.1.p	RLK
GlymaLee.11G027700.1.p	RLK
GlymaLee.11G033600.1.p	RLK
GlymaLee.11G035200.1.p	RLK
GlymaLee.11G040000.1.p	RLK
GlymaLee.11G040200.1.p	RLK
GlymaLee.11G050600.1.p	RLK
GlymaLee.11G058500.1.p	RLK
GlymaLee.11G058600.1.p	RLK
GlymaLee.11G069800.1.p	RLK
GlymaLee.11G080900.1.p	RLK
GlymaLee.11G082700.1.p	RLK
GlymaLee.11G097600.1.p	RLK
GlymaLee.11G106800.1.p	RLK
GlymaLee.11G110500.1.p	RLK
GlymaLee.11G119200.1.p	RLK
GlymaLee.11G134400.1.p	RLK
GlymaLee.11G145200.1.p	RLK
GlymaLee.11G160200.1.p	RLK
GlymaLee.11G160600.1.p	RLK
GlymaLee.11G166900.1.p	RLK
GlymaLee.11G172800.1.p	RLK
GlymaLee.11G173200.1.p	RLK
GlymaLee.11G177500.1.p	RLK
GlymaLee.11G182000.1.p	RLK
GlymaLee.11G184800.1.p	RLK
GlymaLee.11G186900.1.p	RLK
GlymaLee.11G187400.1.p	RLK
GlymaLee.11G190900.1.p	RLK
GlymaLee.11G191000.1.p	RLK
GlymaLee.11G191100.1.p	RLK
GlymaLee.11G191300.1.p	RLK
GlymaLee.11G191400.1.p	RLK
GlymaLee.11G191500.1.p	RLK
GlymaLee.11G191600.1.p	RLK
GlymaLee.11G191700.1.p	RLK
GlymaLee.11G191900.1.p	RLK
GlymaLee.11G192100.1.p	RLK
GlymaLee.11G192200.1.p	RLK
GlymaLee.11G192300.1.p	RLK
GlymaLee.11G192400.1.p	RLK
GlymaLee.11G192500.1.p	RLK
GlymaLee.11G192600.1.p	RLK
GlymaLee.11G192700.1.p	RLK
GlymaLee.11G193500.1.p	RLK
GlymaLee.11G195500.1.p	RLK
GlymaLee.11G196800.1.p	RLK
GlymaLee.11G202300.1.p	RLK
GlymaLee.11G204300.1.p	RLK
GlymaLee.11G211100.1.p	RLK
GlymaLee.11G212600.1.p	RLK
GlymaLee.11G213900.1.p	RLK
GlymaLee.11G215700.1.p	RLK
GlymaLee.11G220800.1.p	RLK
GlymaLee.11G225600.1.p	RLK
GlymaLee.11G233100.1.p	RLK
GlymaLee.12G002400.1.p	RLK
GlymaLee.12G002500.1.p	RLK
GlymaLee.12G006000.1.p	RLK
GlymaLee.12G006700.1.p	RLK
GlymaLee.12G007000.1.p	RLK
GlymaLee.12G027800.1.p	RLK
GlymaLee.12G037400.1.p	RLK
GlymaLee.12G040900.1.p	RLK
GlymaLee.12G048700.1.p	RLK
GlymaLee.12G069100.1.p	RLK
GlymaLee.12G071400.1.p	RLK
GlymaLee.12G071700.1.p	RLK
GlymaLee.12G086600.1.p	RLK
GlymaLee.12G094400.1.p	RLK
GlymaLee.12G094800.1.p	RLK
GlymaLee.12G098000.1.p	RLK
GlymaLee.12G102300.1.p	RLK
GlymaLee.12G105400.1.p	RLK
GlymaLee.12G119100.1.p	RLK
GlymaLee.12G121000.1.p	RLK
GlymaLee.12G121100.1.p	RLK
GlymaLee.12G121200.1.p	RLK
GlymaLee.12G122200.1.p	RLK
GlymaLee.12G122300.1.p	RLK
GlymaLee.12G122400.1.p	RLK
GlymaLee.12G122500.1.p	RLK
GlymaLee.12G122600.1.p	RLK
GlymaLee.12G122800.1.p	RLK
GlymaLee.12G122900.1.p	RLK
GlymaLee.12G123200.1.p	RLK
GlymaLee.12G123400.1.p	RLK
GlymaLee.12G123500.1.p	RLK
GlymaLee.12G123600.1.p	RLK
GlymaLee.12G123800.1.p	RLK
GlymaLee.12G124000.1.p	RLK
GlymaLee.12G126100.1.p	RLK
GlymaLee.12G130100.1.p	RLK
GlymaLee.12G135800.1.p	RLK
GlymaLee.12G143900.1.p	RLK
GlymaLee.12G146100.1.p	RLK
GlymaLee.12G157800.1.p	RLK
GlymaLee.12G167100.1.p	RLK
GlymaLee.12G167200.1.p	RLK
GlymaLee.12G167300.1.p	RLK
GlymaLee.12G167600.1.p	RLK
GlymaLee.12G167800.1.p	RLK
GlymaLee.12G170700.1.p	RLK
GlymaLee.12G174000.1.p	RLK
GlymaLee.12G175600.1.p	RLK
GlymaLee.12G180000.1.p	RLK
GlymaLee.12G184000.1.p	RLK
GlymaLee.12G188000.1.p	RLK
GlymaLee.12G192700.1.p	RLK
GlymaLee.12G198500.1.p	RLK
GlymaLee.12G199100.1.p	RLK
GlymaLee.12G199200.1.p	RLK
GlymaLee.12G199300.1.p	RLK
GlymaLee.12G201700.1.p	RLK
GlymaLee.13G012300.1.p	RLK
GlymaLee.13G012400.1.p	RLK
GlymaLee.13G012500.1.p	RLK
GlymaLee.13G013100.1.p	RLK
GlymaLee.13G013200.1.p	RLK
GlymaLee.13G013500.1.p	RLK
GlymaLee.13G013600.1.p	RLK
GlymaLee.13G013700.1.p	RLK
GlymaLee.13G013900.1.p	RLK
GlymaLee.13G014200.1.p	RLK
GlymaLee.13G014300.1.p	RLK
GlymaLee.13G014400.1.p	RLK
GlymaLee.13G014500.1.p	RLK
GlymaLee.13G016100.1.p	RLK
GlymaLee.13G016200.1.p	RLK
GlymaLee.13G016300.1.p	RLK
GlymaLee.13G018900.1.p	RLK
GlymaLee.13G019100.1.p	RLK
GlymaLee.13G027500.1.p	RLK
GlymaLee.13G030600.1.p	RLK
GlymaLee.13G030900.1.p	RLK
GlymaLee.13G031000.1.p	RLK
GlymaLee.13G031200.1.p	RLK
GlymaLee.13G031300.1.p	RLK
GlymaLee.13G033000.1.p	RLK
GlymaLee.13G042400.1.p	RLK
GlymaLee.13G051700.1.p	RLK
GlymaLee.13G074000.1.p	RLK
GlymaLee.13G081300.1.p	RLK
GlymaLee.13G096600.1.p	RLK
GlymaLee.13G097600.1.p	RLK
GlymaLee.13G105900.1.p	RLK
GlymaLee.13G108700.1.p	RLK
GlymaLee.13G108800.1.p	RLK
GlymaLee.13G118100.1.p	RLK
GlymaLee.13G121500.1.p	RLK
GlymaLee.13G130500.1.p	RLK
GlymaLee.13G131200.1.p	RLK
GlymaLee.13G136000.1.p	RLK
GlymaLee.13G142500.1.p	RLK
GlymaLee.13G142600.1.p	RLK
GlymaLee.13G150900.1.p	RLK
GlymaLee.13G154900.1.p	RLK
GlymaLee.13G155000.1.p	RLK
GlymaLee.13G165900.1.p	RLK
GlymaLee.13G188300.1.p	RLK
GlymaLee.13G191800.1.p	RLK
GlymaLee.13G192100.1.p	RLK
GlymaLee.13G192200.1.p	RLK
GlymaLee.13G192300.1.p	RLK
GlymaLee.13G192500.1.p	RLK
GlymaLee.13G198400.1.p	RLK
GlymaLee.13G198600.1.p	RLK
GlymaLee.13G202600.1.p	RLK
GlymaLee.13G207500.1.p	RLK
GlymaLee.13G211200.1.p	RLK
GlymaLee.13G211300.1.p	RLK
GlymaLee.13G211400.1.p	RLK
GlymaLee.13G211600.1.p	RLK
GlymaLee.13G211700.1.p	RLK
GlymaLee.13G211800.1.p	RLK
GlymaLee.13G212000.1.p	RLK
GlymaLee.13G212100.1.p	RLK
GlymaLee.13G214800.1.p	RLK
GlymaLee.13G215800.1.p	RLK
GlymaLee.13G217900.1.p	RLK
GlymaLee.13G226800.1.p	RLK
GlymaLee.13G227000.1.p	RLK
GlymaLee.13G227100.1.p	RLK
GlymaLee.13G227200.1.p	RLK
GlymaLee.13G228800.1.p	RLK
GlymaLee.13G235500.1.p	RLK
GlymaLee.13G241100.1.p	RLK
GlymaLee.13G243000.1.p	RLK
GlymaLee.13G243100.1.p	RLK
GlymaLee.13G243200.1.p	RLK
GlymaLee.13G243300.1.p	RLK
GlymaLee.13G243900.1.p	RLK
GlymaLee.13G244900.1.p	RLK
GlymaLee.13G249000.1.p	RLK
GlymaLee.13G253000.1.p	RLK
GlymaLee.13G254800.1.p	RLK
GlymaLee.13G254900.1.p	RLK
GlymaLee.13G258100.1.p	RLK
GlymaLee.13G261500.1.p	RLK
GlymaLee.13G261900.1.p	RLK
GlymaLee.13G283700.1.p	RLK
GlymaLee.13G284400.1.p	RLK
GlymaLee.13G288500.1.p	RLK
GlymaLee.13G300800.1.p	RLK
GlymaLee.13G306500.1.p	RLK
GlymaLee.13G309000.1.p	RLK
GlymaLee.13G309100.1.p	RLK
GlymaLee.13G309200.1.p	RLK
GlymaLee.13G310500.1.p	RLK
GlymaLee.13G315600.1.p	RLK
GlymaLee.13G322100.1.p	RLK
GlymaLee.13G325700.1.p	RLK
GlymaLee.13G326600.1.p	RLK
GlymaLee.13G327300.1.p	RLK
GlymaLee.13G327800.1.p	RLK
GlymaLee.14G011000.1.p	RLK
GlymaLee.14G012600.1.p	RLK
GlymaLee.14G024000.1.p	RLK
GlymaLee.14G026500.1.p	RLK
GlymaLee.14G030700.1.p	RLK
GlymaLee.14G032500.1.p	RLK
GlymaLee.14G035700.1.p	RLK
GlymaLee.14G037000.1.p	RLK
GlymaLee.14G040300.1.p	RLK
GlymaLee.14G041400.1.p	RLK
GlymaLee.14G041900.1.p	RLK
GlymaLee.14G042100.1.p	RLK
GlymaLee.14G042300.1.p	RLK
GlymaLee.14G048700.1.p	RLK
GlymaLee.14G050200.1.p	RLK
GlymaLee.14G051900.1.p	RLK
GlymaLee.14G052900.1.p	RLK
GlymaLee.14G066000.1.p	RLK
GlymaLee.14G068700.1.p	RLK
GlymaLee.14G089500.1.p	RLK
GlymaLee.14G091000.1.p	RLK
GlymaLee.14G091100.1.p	RLK
GlymaLee.14G091300.1.p	RLK
GlymaLee.14G098600.1.p	RLK
GlymaLee.14G101600.1.p	RLK
GlymaLee.14G102100.1.p	RLK
GlymaLee.14G111200.1.p	RLK
GlymaLee.14G114500.1.p	RLK
GlymaLee.14G122900.1.p	RLK
GlymaLee.14G123000.1.p	RLK
GlymaLee.14G123100.1.p	RLK
GlymaLee.14G123200.1.p	RLK
GlymaLee.14G123300.1.p	RLK
GlymaLee.14G123400.1.p	RLK
GlymaLee.14G123600.1.p	RLK
GlymaLee.14G126400.1.p	RLK
GlymaLee.14G126500.1.p	RLK
GlymaLee.14G129800.1.p	RLK
GlymaLee.14G130000.1.p	RLK
GlymaLee.14G150900.1.p	RLK
GlymaLee.14G152100.1.p	RLK
GlymaLee.14G158100.1.p	RLK
GlymaLee.14G159400.1.p	RLK
GlymaLee.14G164500.1.p	RLK
GlymaLee.14G167000.1.p	RLK
GlymaLee.14G167200.1.p	RLK
GlymaLee.14G167300.1.p	RLK
GlymaLee.14G171900.1.p	RLK
GlymaLee.14G172800.1.p	RLK
GlymaLee.14G175100.1.p	RLK
GlymaLee.14G182000.1.p	RLK
GlymaLee.15G000400.1.p	RLK
GlymaLee.15G001300.1.p	RLK
GlymaLee.15G002600.1.p	RLK
GlymaLee.15G003100.1.p	RLK
GlymaLee.15G004200.1.p	RLK
GlymaLee.15G007300.1.p	RLK
GlymaLee.15G014200.1.p	RLK
GlymaLee.15G018500.1.p	RLK
GlymaLee.15G019900.1.p	RLK
GlymaLee.15G020100.1.p	RLK
GlymaLee.15G020300.1.p	RLK
GlymaLee.15G020500.1.p	RLK
GlymaLee.15G020600.1.p	RLK
GlymaLee.15G020700.1.p	RLK
GlymaLee.15G020800.1.p	RLK
GlymaLee.15G022900.1.p	RLK
GlymaLee.15G028200.1.p	RLK
GlymaLee.15G040000.1.p	RLK
GlymaLee.15G042100.1.p	RLK
GlymaLee.15G048200.1.p	RLK
GlymaLee.15G049300.1.p	RLK
GlymaLee.15G055800.1.p	RLK
GlymaLee.15G061300.1.p	RLK
GlymaLee.15G061400.1.p	RLK
GlymaLee.15G061500.1.p	RLK
GlymaLee.15G065700.1.p	RLK
GlymaLee.15G070800.1.p	RLK
GlymaLee.15G074300.1.p	RLK
GlymaLee.15G079500.1.p	RLK
GlymaLee.15G079700.1.p	RLK
GlymaLee.15G079800.1.p	RLK
GlymaLee.15G104100.1.p	RLK
GlymaLee.15G104400.1.p	RLK
GlymaLee.15G116900.1.p	RLK
GlymaLee.15G122400.1.p	RLK
GlymaLee.15G122600.1.p	RLK
GlymaLee.15G124500.1.p	RLK
GlymaLee.15G142700.1.p	RLK
GlymaLee.15G147400.1.p	RLK
GlymaLee.15G147500.1.p	RLK
GlymaLee.15G147600.1.p	RLK
GlymaLee.15G147700.1.p	RLK
GlymaLee.15G147900.1.p	RLK
GlymaLee.15G153600.1.p	RLK
GlymaLee.15G154400.1.p	RLK
GlymaLee.15G162700.1.p	RLK
GlymaLee.15G164300.1.p	RLK
GlymaLee.15G170300.1.p	RLK
GlymaLee.15G179500.1.p	RLK
GlymaLee.15G180400.1.p	RLK
GlymaLee.15G182000.1.p	RLK
GlymaLee.15G187700.1.p	RLK
GlymaLee.15G187800.1.p	RLK
GlymaLee.15G188200.1.p	RLK
GlymaLee.15G188900.1.p	RLK
GlymaLee.15G192900.1.p	RLK
GlymaLee.15G193300.1.p	RLK
GlymaLee.15G195600.1.p	RLK
GlymaLee.15G195800.1.p	RLK
GlymaLee.15G196000.1.p	RLK
GlymaLee.15G203200.1.p	RLK
GlymaLee.15G207200.1.p	RLK
GlymaLee.15G211600.1.p	RLK
GlymaLee.15G213400.1.p	RLK
GlymaLee.15G218000.1.p	RLK
GlymaLee.15G224300.1.p	RLK
GlymaLee.16G008600.1.p	RLK
GlymaLee.16G013200.1.p	RLK
GlymaLee.16G013600.1.p	RLK
GlymaLee.16G022400.1.p	RLK
GlymaLee.16G031300.1.p	RLK
GlymaLee.16G033500.1.p	RLK
GlymaLee.16G042000.1.p	RLK
GlymaLee.16G042300.1.p	RLK
GlymaLee.16G053400.1.p	RLK
GlymaLee.16G057600.1.p	RLK
GlymaLee.16G057700.1.p	RLK
GlymaLee.16G057900.1.p	RLK
GlymaLee.16G058200.1.p	RLK
GlymaLee.16G058400.1.p	RLK
GlymaLee.16G058800.1.p	RLK
GlymaLee.16G059000.1.p	RLK
GlymaLee.16G069500.1.p	RLK
GlymaLee.16G069600.1.p	RLK
GlymaLee.16G070000.1.p	RLK
GlymaLee.16G080400.1.p	RLK
GlymaLee.16G081300.1.p	RLK
GlymaLee.16G083600.1.p	RLK
GlymaLee.16G086700.1.p	RLK
GlymaLee.16G093400.1.p	RLK
GlymaLee.16G097600.1.p	RLK
GlymaLee.16G098900.1.p	RLK
GlymaLee.16G100100.1.p	RLK
GlymaLee.16G106700.1.p	RLK
GlymaLee.16G114600.1.p	RLK
GlymaLee.16G117400.1.p	RLK
GlymaLee.16G128200.1.p	RLK
GlymaLee.16G128300.1.p	RLK
GlymaLee.16G129500.1.p	RLK
GlymaLee.16G150000.1.p	RLK
GlymaLee.16G163300.1.p	RLK
GlymaLee.16G163700.1.p	RLK
GlymaLee.16G164100.1.p	RLK
GlymaLee.16G164200.1.p	RLK
GlymaLee.16G165100.1.p	RLK
GlymaLee.16G166800.1.p	RLK
GlymaLee.16G171500.1.p	RLK
GlymaLee.16G171900.1.p	RLK
GlymaLee.17G012700.1.p	RLK
GlymaLee.17G037500.1.p	RLK
GlymaLee.17G044900.1.p	RLK
GlymaLee.17G052500.1.p	RLK
GlymaLee.17G065800.1.p	RLK
GlymaLee.17G066900.1.p	RLK
GlymaLee.17G069000.1.p	RLK
GlymaLee.17G079100.1.p	RLK
GlymaLee.17G081000.1.p	RLK
GlymaLee.17G081900.1.p	RLK
GlymaLee.17G083900.1.p	RLK
GlymaLee.17G089700.1.p	RLK
GlymaLee.17G095600.1.p	RLK
GlymaLee.17G096400.1.p	RLK
GlymaLee.17G102000.1.p	RLK
GlymaLee.17G109500.1.p	RLK
GlymaLee.17G111000.1.p	RLK
GlymaLee.17G125200.1.p	RLK
GlymaLee.17G144600.1.p	RLK
GlymaLee.17G153500.1.p	RLK
GlymaLee.17G154500.1.p	RLK
GlymaLee.17G155700.1.p	RLK
GlymaLee.17G166400.1.p	RLK
GlymaLee.17G172000.1.p	RLK
GlymaLee.17G182800.1.p	RLK
GlymaLee.17G183300.1.p	RLK
GlymaLee.17G184600.1.p	RLK
GlymaLee.17G184700.1.p	RLK
GlymaLee.17G184900.1.p	RLK
GlymaLee.17G185000.1.p	RLK
GlymaLee.17G185200.1.p	RLK
GlymaLee.17G185300.1.p	RLK
GlymaLee.17G185400.1.p	RLK
GlymaLee.17G185500.1.p	RLK
GlymaLee.17G186300.1.p	RLK
GlymaLee.17G188400.1.p	RLK
GlymaLee.17G193700.1.p	RLK
GlymaLee.17G193800.1.p	RLK
GlymaLee.17G193900.1.p	RLK
GlymaLee.17G194000.1.p	RLK
GlymaLee.17G194200.1.p	RLK
GlymaLee.17G195800.1.p	RLK
GlymaLee.17G216500.1.p	RLK
GlymaLee.17G219100.1.p	RLK
GlymaLee.18G002600.1.p	RLK
GlymaLee.18G009800.1.p	RLK
GlymaLee.18G015200.1.p	RLK
GlymaLee.18G019900.1.p	RLK
GlymaLee.18G021800.1.p	RLK
GlymaLee.18G023300.1.p	RLK
GlymaLee.18G024800.1.p	RLK
GlymaLee.18G035100.1.p	RLK
GlymaLee.18G039500.1.p	RLK
GlymaLee.18G040600.1.p	RLK
GlymaLee.18G043000.1.p	RLK
GlymaLee.18G043100.1.p	RLK
GlymaLee.18G043200.1.p	RLK
GlymaLee.18G043500.1.p	RLK
GlymaLee.18G046800.1.p	RLK
GlymaLee.18G047100.1.p	RLK
GlymaLee.18G049900.1.p	RLK
GlymaLee.18G050300.1.p	RLK
GlymaLee.18G054600.1.p	RLK
GlymaLee.18G057500.1.p	RLK
GlymaLee.18G066300.1.p	RLK
GlymaLee.18G068600.1.p	RLK
GlymaLee.18G091200.1.p	RLK
GlymaLee.18G097500.1.p	RLK
GlymaLee.18G102000.1.p	RLK
GlymaLee.18G110500.1.p	RLK
GlymaLee.18G111100.1.p	RLK
GlymaLee.18G112900.1.p	RLK
GlymaLee.18G118100.1.p	RLK
GlymaLee.18G134100.1.p	RLK
GlymaLee.18G134300.1.p	RLK
GlymaLee.18G141000.1.p	RLK
GlymaLee.18G141100.1.p	RLK
GlymaLee.18G149600.1.p	RLK
GlymaLee.18G150100.1.p	RLK
GlymaLee.18G150200.1.p	RLK
GlymaLee.18G155800.1.p	RLK
GlymaLee.18G157200.1.p	RLK
GlymaLee.18G162300.1.p	RLK
GlymaLee.18G162800.1.p	RLK
GlymaLee.18G163700.1.p	RLK
GlymaLee.18G165800.1.p	RLK
GlymaLee.18G166200.1.p	RLK
GlymaLee.18G166600.1.p	RLK
GlymaLee.18G166800.1.p	RLK
GlymaLee.18G168700.1.p	RLK
GlymaLee.18G168800.1.p	RLK
GlymaLee.18G169000.1.p	RLK
GlymaLee.18G169100.1.p	RLK
GlymaLee.18G184600.1.p	RLK
GlymaLee.18G185300.1.p	RLK
GlymaLee.18G187000.1.p	RLK
GlymaLee.18G187100.1.p	RLK
GlymaLee.18G193800.1.p	RLK
GlymaLee.18G196900.1.p	RLK
GlymaLee.18G197100.1.p	RLK
GlymaLee.18G197500.1.p	RLK
GlymaLee.18G197700.1.p	RLK
GlymaLee.18G200400.1.p	RLK
GlymaLee.18G200700.1.p	RLK
GlymaLee.18G200800.1.p	RLK
GlymaLee.18G201000.1.p	RLK
GlymaLee.18G201200.1.p	RLK
GlymaLee.18G201300.1.p	RLK
GlymaLee.18G201400.1.p	RLK
GlymaLee.18G201500.1.p	RLK
GlymaLee.18G201600.1.p	RLK
GlymaLee.18G201700.1.p	RLK
GlymaLee.18G201900.1.p	RLK
GlymaLee.18G204200.1.p	RLK
GlymaLee.18G204600.1.p	RLK
GlymaLee.18G212400.1.p	RLK
GlymaLee.18G213000.1.p	RLK
GlymaLee.18G215000.1.p	RLK
GlymaLee.18G215200.1.p	RLK
GlymaLee.18G215400.1.p	RLK
GlymaLee.18G215500.1.p	RLK
GlymaLee.18G215600.1.p	RLK
GlymaLee.18G217200.1.p	RLK
GlymaLee.18G220000.1.p	RLK
GlymaLee.18G222200.1.p	RLK
GlymaLee.18G223900.1.p	RLK
GlymaLee.18G225900.1.p	RLK
GlymaLee.18G227900.1.p	RLK
GlymaLee.18G237800.1.p	RLK
GlymaLee.18G238100.1.p	RLK
GlymaLee.19G005300.1.p	RLK
GlymaLee.19G009500.1.p	RLK
GlymaLee.19G015000.1.p	RLK
GlymaLee.19G017200.1.p	RLK
GlymaLee.19G026600.1.p	RLK
GlymaLee.19G028700.1.p	RLK
GlymaLee.19G031500.1.p	RLK
GlymaLee.19G033300.1.p	RLK
GlymaLee.19G034100.1.p	RLK
GlymaLee.19G049600.1.p	RLK
GlymaLee.19G051000.1.p	RLK
GlymaLee.19G051600.1.p	RLK
GlymaLee.19G052400.1.p	RLK
GlymaLee.19G056000.1.p	RLK
GlymaLee.19G057100.1.p	RLK
GlymaLee.19G061500.1.p	RLK
GlymaLee.19G066500.1.p	RLK
GlymaLee.19G066900.1.p	RLK
GlymaLee.19G078700.1.p	RLK
GlymaLee.19G088000.1.p	RLK
GlymaLee.19G109500.1.p	RLK
GlymaLee.19G112500.1.p	RLK
GlymaLee.19G113200.1.p	RLK
GlymaLee.19G120800.1.p	RLK
GlymaLee.19G120900.1.p	RLK
GlymaLee.19G135200.1.p	RLK
GlymaLee.19G135300.1.p	RLK
GlymaLee.19G136500.1.p	RLK
GlymaLee.19G138500.1.p	RLK
GlymaLee.19G145600.1.p	RLK
GlymaLee.19G155100.1.p	RLK
GlymaLee.19G156200.1.p	RLK
GlymaLee.19G183200.1.p	RLK
GlymaLee.19G209300.1.p	RLK
GlymaLee.19G213900.1.p	RLK
GlymaLee.19G217700.1.p	RLK
GlymaLee.19G222500.1.p	RLK
GlymaLee.19G223100.1.p	RLK
GlymaLee.20G027600.1.p	RLK
GlymaLee.20G039100.1.p	RLK
GlymaLee.20G051200.1.p	RLK
GlymaLee.20G055000.1.p	RLK
GlymaLee.20G066100.1.p	RLK
GlymaLee.20G087600.1.p	RLK
GlymaLee.20G087700.1.p	RLK
GlymaLee.20G087800.1.p	RLK
GlymaLee.20G088000.1.p	RLK
GlymaLee.20G088100.1.p	RLK
GlymaLee.20G088200.1.p	RLK
GlymaLee.20G088300.1.p	RLK
GlymaLee.20G088600.1.p	RLK
GlymaLee.20G088700.1.p	RLK
GlymaLee.20G088800.1.p	RLK
GlymaLee.20G088900.1.p	RLK
GlymaLee.20G089200.1.p	RLK
GlymaLee.20G089300.1.p	RLK
GlymaLee.20G090200.1.p	RLK
GlymaLee.20G098000.1.p	RLK
GlymaLee.20G105500.1.p	RLK
GlymaLee.20G105600.1.p	RLK
GlymaLee.20G105700.1.p	RLK
GlymaLee.20G105800.1.p	RLK
GlymaLee.20G105900.1.p	RLK
GlymaLee.20G106100.1.p	RLK
GlymaLee.20G106300.1.p	RLK
GlymaLee.20G106400.1.p	RLK
GlymaLee.20G106800.1.p	RLK
GlymaLee.20G106900.1.p	RLK
GlymaLee.20G107000.1.p	RLK
GlymaLee.20G107100.1.p	RLK
GlymaLee.20G107200.1.p	RLK
GlymaLee.20G107300.1.p	RLK
GlymaLee.20G107400.1.p	RLK
GlymaLee.20G107500.1.p	RLK
GlymaLee.20G107600.1.p	RLK
GlymaLee.20G107900.1.p	RLK
GlymaLee.20G108000.1.p	RLK
GlymaLee.20G108100.1.p	RLK
GlymaLee.20G108200.1.p	RLK
GlymaLee.20G108300.1.p	RLK
GlymaLee.20G108400.1.p	RLK
GlymaLee.20G108600.1.p	RLK
GlymaLee.20G108700.1.p	RLK
GlymaLee.20G108900.1.p	RLK
GlymaLee.20G109000.1.p	RLK
GlymaLee.20G109100.1.p	RLK
GlymaLee.20G109200.1.p	RLK
GlymaLee.20G119200.1.p	RLK
GlymaLee.20G120000.1.p	RLK
GlymaLee.20G123900.1.p	RLK
GlymaLee.20G129200.1.p	RLK
GlymaLee.20G131300.1.p	RLK
GlymaLee.20G137200.1.p	RLK
GlymaLee.20G139200.1.p	RLK
GlymaLee.20G139800.1.p	RLK
GlymaLee.20G146800.1.p	RLK
GlymaLee.20G158900.1.p	RLK
GlymaLee.20G176300.1.p	RLK
GlymaLee.20G188300.1.p	RLK
GlymaLee.20G189300.1.p	RLK
GlymaLee.20G193800.1.p	RLK
GlymaLee.20G207200.1.p	RLK
GlymaLee.U001200.1.p	RLK
GlymaLee.U001400.1.p	RLK
UWASoyPan00289.t1	RLK
UWASoyPan00296.t1	RLK
UWASoyPan00651.t1	RLK
UWASoyPan01265.t1	RLK
UWASoyPan02096.t1	RLK
UWASoyPan03172.t1	RLK
UWASoyPan03430.t1	RLK
UWASoyPan03780.t1	RLK
UWASoyPan04794.t1	RLK
GlymaLee.01G033200.1.p	RLP
GlymaLee.01G071200.1.p	RLP
GlymaLee.01G073300.1.p	RLP
GlymaLee.01G091600.1.p	RLP
GlymaLee.01G091700.1.p	RLP
GlymaLee.01G093500.1.p	RLP
GlymaLee.01G099100.1.p	RLP
GlymaLee.01G100300.1.p	RLP
GlymaLee.01G118800.1.p	RLP
GlymaLee.01G121400.1.p	RLP
GlymaLee.01G160500.1.p	RLP
GlymaLee.01G205900.1.p	RLP
GlymaLee.02G027100.1.p	RLP
GlymaLee.02G058400.1.p	RLP
GlymaLee.02G069300.1.p	RLP
GlymaLee.02G088500.1.p	RLP
GlymaLee.02G147100.1.p	RLP
GlymaLee.03G036900.1.p	RLP
GlymaLee.03G045100.1.p	RLP
GlymaLee.03G046000.1.p	RLP
GlymaLee.03G070100.1.p	RLP
GlymaLee.04G145600.1.p	RLP
GlymaLee.04G150000.1.p	RLP
GlymaLee.04G190600.1.p	RLP
GlymaLee.05G013200.1.p	RLP
GlymaLee.05G035900.1.p	RLP
GlymaLee.05G092500.1.p	RLP
GlymaLee.05G105100.1.p	RLP
GlymaLee.05G110400.1.p	RLP
GlymaLee.05G135600.1.p	RLP
GlymaLee.06G038900.1.p	RLP
GlymaLee.06G103800.1.p	RLP
GlymaLee.06G249600.1.p	RLP
GlymaLee.07G074000.1.p	RLP
GlymaLee.07G126900.1.p	RLP
GlymaLee.07G127100.1.p	RLP
GlymaLee.07G134300.1.p	RLP
GlymaLee.07G135600.1.p	RLP
GlymaLee.07G147900.1.p	RLP
GlymaLee.07G168500.1.p	RLP
GlymaLee.09G087000.1.p	RLP
GlymaLee.09G099300.1.p	RLP
GlymaLee.09G164200.1.p	RLP
GlymaLee.09G209000.1.p	RLP
GlymaLee.09G227700.1.p	RLP
GlymaLee.09G227800.1.p	RLP
GlymaLee.10G036000.1.p	RLP
GlymaLee.10G085400.1.p	RLP
GlymaLee.10G092400.1.p	RLP
GlymaLee.10G104900.1.p	RLP
GlymaLee.10G105100.1.p	RLP
GlymaLee.10G105500.1.p	RLP
GlymaLee.10G144100.1.p	RLP
GlymaLee.10G167800.1.p	RLP
GlymaLee.10G172500.1.p	RLP
GlymaLee.10G192800.1.p	RLP
GlymaLee.10G192900.1.p	RLP
GlymaLee.10G193000.1.p	RLP
GlymaLee.10G193400.1.p	RLP
GlymaLee.10G193500.1.p	RLP
GlymaLee.10G193700.1.p	RLP
GlymaLee.10G209300.1.p	RLP
GlymaLee.11G041700.1.p	RLP
GlymaLee.11G106900.1.p	RLP
GlymaLee.12G103500.1.p	RLP
GlymaLee.12G109300.1.p	RLP
GlymaLee.12G199600.1.p	RLP
GlymaLee.12G199800.1.p	RLP
GlymaLee.13G002100.1.p	RLP
GlymaLee.13G027800.1.p	RLP
GlymaLee.13G052900.1.p	RLP
GlymaLee.13G144400.1.p	RLP
GlymaLee.13G183300.1.p	RLP
GlymaLee.13G191400.1.p	RLP
GlymaLee.13G200500.1.p	RLP
GlymaLee.13G322600.1.p	RLP
GlymaLee.15G073000.1.p	RLP
GlymaLee.15G080500.1.p	RLP
GlymaLee.15G087500.1.p	RLP
GlymaLee.16G043000.1.p	RLP
GlymaLee.16G089400.1.p	RLP
GlymaLee.16G102700.1.p	RLP
GlymaLee.16G102900.1.p	RLP
GlymaLee.16G103000.1.p	RLP
GlymaLee.16G103100.1.p	RLP
GlymaLee.16G105700.1.p	RLP
GlymaLee.16G134800.1.p	RLP
GlymaLee.16G139800.1.p	RLP
GlymaLee.16G139900.1.p	RLP
GlymaLee.16G140000.1.p	RLP
GlymaLee.16G140100.1.p	RLP
GlymaLee.16G140200.1.p	RLP
GlymaLee.16G141300.1.p	RLP
GlymaLee.16G141400.1.p	RLP
GlymaLee.16G141500.1.p	RLP
GlymaLee.16G141600.1.p	RLP
GlymaLee.16G141800.1.p	RLP
GlymaLee.16G141900.1.p	RLP
GlymaLee.16G142000.1.p	RLP
GlymaLee.16G142100.1.p	RLP
GlymaLee.16G142200.1.p	RLP
GlymaLee.16G142300.1.p	RLP
GlymaLee.16G142500.1.p	RLP
GlymaLee.16G142600.1.p	RLP
GlymaLee.16G142800.1.p	RLP
GlymaLee.16G142900.1.p	RLP
GlymaLee.16G143000.1.p	RLP
GlymaLee.16G144200.1.p	RLP
GlymaLee.16G144300.1.p	RLP
GlymaLee.16G144600.1.p	RLP
GlymaLee.16G144700.1.p	RLP
GlymaLee.16G144800.1.p	RLP
GlymaLee.16G144900.1.p	RLP
GlymaLee.16G145100.1.p	RLP
GlymaLee.16G145300.1.p	RLP
GlymaLee.16G145400.1.p	RLP
GlymaLee.16G147000.1.p	RLP
GlymaLee.16G147200.1.p	RLP
GlymaLee.16G147300.1.p	RLP
GlymaLee.16G152900.1.p	RLP
GlymaLee.16G153200.1.p	RLP
GlymaLee.16G153300.1.p	RLP
GlymaLee.16G153400.1.p	RLP
GlymaLee.16G153500.1.p	RLP
GlymaLee.16G153600.1.p	RLP
GlymaLee.16G153700.1.p	RLP
GlymaLee.16G153800.1.p	RLP
GlymaLee.16G153900.1.p	RLP
GlymaLee.16G154000.1.p	RLP
GlymaLee.16G154200.1.p	RLP
GlymaLee.16G154400.1.p	RLP
GlymaLee.16G154600.1.p	RLP
GlymaLee.16G154800.1.p	RLP
GlymaLee.16G155000.1.p	RLP
GlymaLee.16G156300.1.p	RLP
GlymaLee.16G156500.1.p	RLP
GlymaLee.16G156700.1.p	RLP
GlymaLee.16G175000.1.p	RLP
GlymaLee.16G175300.1.p	RLP
GlymaLee.16G180400.1.p	RLP
GlymaLee.17G081700.1.p	RLP
GlymaLee.17G113900.1.p	RLP
GlymaLee.17G170400.1.p	RLP
GlymaLee.17G191300.1.p	RLP
GlymaLee.18G124600.1.p	RLP
GlymaLee.18G127500.1.p	RLP
GlymaLee.18G145300.1.p	RLP
GlymaLee.18G146800.1.p	RLP
GlymaLee.18G147700.1.p	RLP
GlymaLee.18G154900.1.p	RLP
GlymaLee.18G155000.1.p	RLP
GlymaLee.18G155200.1.p	RLP
GlymaLee.18G155300.1.p	RLP
GlymaLee.18G156300.1.p	RLP
GlymaLee.18G156400.1.p	RLP
GlymaLee.18G188300.1.p	RLP
GlymaLee.18G200900.1.p	RLP
GlymaLee.18G217300.1.p	RLP
GlymaLee.18G217400.1.p	RLP
GlymaLee.19G075600.1.p	RLP
GlymaLee.19G075700.1.p	RLP
GlymaLee.19G087400.1.p	RLP
GlymaLee.19G114900.1.p	RLP
GlymaLee.20G007100.1.p	RLP
GlymaLee.20G056800.1.p	RLP
GlymaLee.20G117200.1.p	RLP
GlymaLee.20G125900.1.p	RLP
GlymaLee.20G150300.1.p	RLP
GlymaLee.20G151300.1.p	RLP
GlymaLee.20G178900.1.p	RLP
UWASoyPan00343.t1	RLP
UWASoyPan00381.t1	RLP
UWASoyPan00411.t1	RLP
UWASoyPan01015.t1	RLP
UWASoyPan01363.t1	RLP
UWASoyPan01577.t1	RLP
UWASoyPan01617.t1	RLP
UWASoyPan03729.t1	RLP
UWASoyPan03949.t1	RLP
UWASoyPan04586.t1	RLP
GlymaLee.01G010000.1.p	TM-CC
GlymaLee.01G031800.1.p	TM-CC
GlymaLee.01G032000.1.p	TM-CC
GlymaLee.01G032300.1.p	TM-CC
GlymaLee.01G034600.1.p	TM-CC
GlymaLee.01G042600.1.p	TM-CC
GlymaLee.01G057100.1.p	TM-CC
GlymaLee.01G105800.1.p	TM-CC
GlymaLee.01G120800.1.p	TM-CC
GlymaLee.01G134800.1.p	TM-CC
GlymaLee.01G144900.1.p	TM-CC
GlymaLee.01G145000.1.p	TM-CC
GlymaLee.01G145100.1.p	TM-CC
GlymaLee.01G154400.1.p	TM-CC
GlymaLee.01G168700.1.p	TM-CC
GlymaLee.01G173200.1.p	TM-CC
GlymaLee.02G003400.1.p	TM-CC
GlymaLee.02G007700.1.p	TM-CC
GlymaLee.02G024700.1.p	TM-CC
GlymaLee.02G028200.1.p	TM-CC
GlymaLee.02G028500.1.p	TM-CC
GlymaLee.02G047800.1.p	TM-CC
GlymaLee.02G072700.1.p	TM-CC
GlymaLee.02G076400.1.p	TM-CC
GlymaLee.02G079500.1.p	TM-CC
GlymaLee.02G084600.1.p	TM-CC
GlymaLee.02G139100.1.p	TM-CC
GlymaLee.02G139200.1.p	TM-CC
GlymaLee.02G168400.1.p	TM-CC
GlymaLee.02G170600.1.p	TM-CC
GlymaLee.02G173300.1.p	TM-CC
GlymaLee.02G195300.1.p	TM-CC
GlymaLee.02G203700.1.p	TM-CC
GlymaLee.02G219200.1.p	TM-CC
GlymaLee.02G245800.1.p	TM-CC
GlymaLee.02G258600.1.p	TM-CC
GlymaLee.02G259400.1.p	TM-CC
GlymaLee.02G266100.1.p	TM-CC
GlymaLee.03G007600.1.p	TM-CC
GlymaLee.03G018000.1.p	TM-CC
GlymaLee.03G018500.1.p	TM-CC
GlymaLee.03G026800.1.p	TM-CC
GlymaLee.03G027100.1.p	TM-CC
GlymaLee.03G029000.1.p	TM-CC
GlymaLee.03G049900.1.p	TM-CC
GlymaLee.03G066400.1.p	TM-CC
GlymaLee.03G071700.1.p	TM-CC
GlymaLee.03G078400.1.p	TM-CC
GlymaLee.03G117900.1.p	TM-CC
GlymaLee.03G134800.1.p	TM-CC
GlymaLee.03G135000.1.p	TM-CC
GlymaLee.03G172900.1.p	TM-CC
GlymaLee.03G187900.1.p	TM-CC
GlymaLee.04G013500.1.p	TM-CC
GlymaLee.04G027500.1.p	TM-CC
GlymaLee.04G041900.1.p	TM-CC
GlymaLee.04G064000.1.p	TM-CC
GlymaLee.04G084700.1.p	TM-CC
GlymaLee.04G097700.1.p	TM-CC
GlymaLee.04G109900.1.p	TM-CC
GlymaLee.04G117500.1.p	TM-CC
GlymaLee.04G124800.1.p	TM-CC
GlymaLee.04G131900.1.p	TM-CC
GlymaLee.04G143000.1.p	TM-CC
GlymaLee.04G149800.1.p	TM-CC
GlymaLee.04G174900.1.p	TM-CC
GlymaLee.04G177500.1.p	TM-CC
GlymaLee.04G180900.1.p	TM-CC
GlymaLee.05G002000.1.p	TM-CC
GlymaLee.05G022400.1.p	TM-CC
GlymaLee.05G054500.1.p	TM-CC
GlymaLee.05G059500.1.p	TM-CC
GlymaLee.05G063500.1.p	TM-CC
GlymaLee.05G067500.1.p	TM-CC
GlymaLee.05G067700.1.p	TM-CC
GlymaLee.05G114000.1.p	TM-CC
GlymaLee.05G121400.1.p	TM-CC
GlymaLee.05G142700.1.p	TM-CC
GlymaLee.05G157100.1.p	TM-CC
GlymaLee.05G185800.1.p	TM-CC
GlymaLee.05G190600.1.p	TM-CC
GlymaLee.05G198300.1.p	TM-CC
GlymaLee.05G202700.1.p	TM-CC
GlymaLee.05G203200.1.p	TM-CC
GlymaLee.06G026400.1.p	TM-CC
GlymaLee.06G033200.1.p	TM-CC
GlymaLee.06G039900.1.p	TM-CC
GlymaLee.06G040300.1.p	TM-CC
GlymaLee.06G063300.1.p	TM-CC
GlymaLee.06G110000.1.p	TM-CC
GlymaLee.06G115900.1.p	TM-CC
GlymaLee.06G134200.1.p	TM-CC
GlymaLee.06G140400.1.p	TM-CC
GlymaLee.06G154500.1.p	TM-CC
GlymaLee.06G173000.1.p	TM-CC
GlymaLee.06G173100.1.p	TM-CC
GlymaLee.06G186200.1.p	TM-CC
GlymaLee.06G201700.1.p	TM-CC
GlymaLee.06G201800.1.p	TM-CC
GlymaLee.06G253500.1.p	TM-CC
GlymaLee.06G255000.1.p	TM-CC
GlymaLee.06G268900.1.p	TM-CC
GlymaLee.07G009100.1.p	TM-CC
GlymaLee.07G010400.1.p	TM-CC
GlymaLee.07G024900.1.p	TM-CC
GlymaLee.07G076200.1.p	TM-CC
GlymaLee.07G082900.1.p	TM-CC
GlymaLee.07G108700.1.p	TM-CC
GlymaLee.07G151600.1.p	TM-CC
GlymaLee.07G161300.1.p	TM-CC
GlymaLee.07G173800.1.p	TM-CC
GlymaLee.07G213400.1.p	TM-CC
GlymaLee.08G000700.1.p	TM-CC
GlymaLee.08G011600.1.p	TM-CC
GlymaLee.08G024400.1.p	TM-CC
GlymaLee.08G024900.1.p	TM-CC
GlymaLee.08G033200.1.p	TM-CC
GlymaLee.08G038900.1.p	TM-CC
GlymaLee.08G093600.1.p	TM-CC
GlymaLee.08G116300.1.p	TM-CC
GlymaLee.08G131300.1.p	TM-CC
GlymaLee.08G179600.1.p	TM-CC
GlymaLee.08G199400.1.p	TM-CC
GlymaLee.08G212400.1.p	TM-CC
GlymaLee.08G260000.1.p	TM-CC
GlymaLee.08G262100.1.p	TM-CC
GlymaLee.08G267500.1.p	TM-CC
GlymaLee.08G268800.1.p	TM-CC
GlymaLee.08G322500.1.p	TM-CC
GlymaLee.09G004400.1.p	TM-CC
GlymaLee.09G014800.1.p	TM-CC
GlymaLee.09G020800.1.p	TM-CC
GlymaLee.09G045300.1.p	TM-CC
GlymaLee.09G046800.1.p	TM-CC
GlymaLee.09G074700.1.p	TM-CC
GlymaLee.09G080800.1.p	TM-CC
GlymaLee.09G084500.1.p	TM-CC
GlymaLee.09G149100.1.p	TM-CC
GlymaLee.09G149200.1.p	TM-CC
GlymaLee.09G171600.1.p	TM-CC
GlymaLee.09G205000.1.p	TM-CC
GlymaLee.09G228100.1.p	TM-CC
GlymaLee.10G004600.1.p	TM-CC
GlymaLee.10G030400.1.p	TM-CC
GlymaLee.10G067900.1.p	TM-CC
GlymaLee.10G090100.1.p	TM-CC
GlymaLee.10G095100.1.p	TM-CC
GlymaLee.10G095200.1.p	TM-CC
GlymaLee.10G095300.1.p	TM-CC
GlymaLee.10G095400.1.p	TM-CC
GlymaLee.10G095500.1.p	TM-CC
GlymaLee.10G095600.1.p	TM-CC
GlymaLee.10G095700.1.p	TM-CC
GlymaLee.10G095900.1.p	TM-CC
GlymaLee.10G096000.1.p	TM-CC
GlymaLee.10G096100.1.p	TM-CC
GlymaLee.10G135400.1.p	TM-CC
GlymaLee.10G164700.1.p	TM-CC
GlymaLee.10G179600.1.p	TM-CC
GlymaLee.10G207600.1.p	TM-CC
GlymaLee.10G244500.1.p	TM-CC
GlymaLee.10G249800.1.p	TM-CC
GlymaLee.11G029600.1.p	TM-CC
GlymaLee.11G034400.1.p	TM-CC
GlymaLee.11G048800.1.p	TM-CC
GlymaLee.11G055800.1.p	TM-CC
GlymaLee.11G058200.1.p	TM-CC
GlymaLee.11G083700.1.p	TM-CC
GlymaLee.11G111700.1.p	TM-CC
GlymaLee.11G141900.1.p	TM-CC
GlymaLee.11G167100.1.p	TM-CC
GlymaLee.11G171900.1.p	TM-CC
GlymaLee.11G178800.1.p	TM-CC
GlymaLee.12G042000.1.p	TM-CC
GlymaLee.12G043400.1.p	TM-CC
GlymaLee.12G056900.1.p	TM-CC
GlymaLee.12G057100.1.p	TM-CC
GlymaLee.12G062200.1.p	TM-CC
GlymaLee.12G062300.1.p	TM-CC
GlymaLee.12G097900.1.p	TM-CC
GlymaLee.12G099300.1.p	TM-CC
GlymaLee.12G170600.1.p	TM-CC
GlymaLee.12G202300.1.p	TM-CC
GlymaLee.13G020300.1.p	TM-CC
GlymaLee.13G041600.1.p	TM-CC
GlymaLee.13G044200.1.p	TM-CC
GlymaLee.13G097000.1.p	TM-CC
GlymaLee.13G117200.1.p	TM-CC
GlymaLee.13G126800.1.p	TM-CC
GlymaLee.13G151800.1.p	TM-CC
GlymaLee.13G166500.1.p	TM-CC
GlymaLee.13G205400.1.p	TM-CC
GlymaLee.13G207900.1.p	TM-CC
GlymaLee.13G229800.1.p	TM-CC
GlymaLee.13G232400.1.p	TM-CC
GlymaLee.13G258200.1.p	TM-CC
GlymaLee.13G306700.1.p	TM-CC
GlymaLee.13G311600.1.p	TM-CC
GlymaLee.14G003400.1.p	TM-CC
GlymaLee.14G011300.1.p	TM-CC
GlymaLee.14G012200.1.p	TM-CC
GlymaLee.14G025400.1.p	TM-CC
GlymaLee.14G062400.1.p	TM-CC
GlymaLee.14G066100.1.p	TM-CC
GlymaLee.14G075700.1.p	TM-CC
GlymaLee.14G102600.1.p	TM-CC
GlymaLee.14G130200.1.p	TM-CC
GlymaLee.14G138900.1.p	TM-CC
GlymaLee.14G145400.1.p	TM-CC
GlymaLee.14G170900.1.p	TM-CC
GlymaLee.15G011000.1.p	TM-CC
GlymaLee.15G017500.1.p	TM-CC
GlymaLee.15G022700.1.p	TM-CC
GlymaLee.15G052300.1.p	TM-CC
GlymaLee.15G065300.1.p	TM-CC
GlymaLee.15G067700.1.p	TM-CC
GlymaLee.15G081800.1.p	TM-CC
GlymaLee.15G092500.1.p	TM-CC
GlymaLee.15G102300.1.p	TM-CC
GlymaLee.15G102400.1.p	TM-CC
GlymaLee.15G103900.1.p	TM-CC
GlymaLee.15G113600.1.p	TM-CC
GlymaLee.15G119600.1.p	TM-CC
GlymaLee.15G143900.1.p	TM-CC
GlymaLee.15G179700.1.p	TM-CC
GlymaLee.16G009600.1.p	TM-CC
GlymaLee.16G034500.1.p	TM-CC
GlymaLee.16G073600.1.p	TM-CC
GlymaLee.16G137400.1.p	TM-CC
GlymaLee.17G011500.1.p	TM-CC
GlymaLee.17G020900.1.p	TM-CC
GlymaLee.17G067400.1.p	TM-CC
GlymaLee.17G069400.1.p	TM-CC
GlymaLee.17G095500.1.p	TM-CC
GlymaLee.17G097400.1.p	TM-CC
GlymaLee.17G130800.1.p	TM-CC
GlymaLee.17G135700.1.p	TM-CC
GlymaLee.17G163900.1.p	TM-CC
GlymaLee.17G178200.1.p	TM-CC
GlymaLee.17G178300.1.p	TM-CC
GlymaLee.17G179700.1.p	TM-CC
GlymaLee.17G181300.1.p	TM-CC
GlymaLee.17G209500.1.p	TM-CC
GlymaLee.17G210000.1.p	TM-CC
GlymaLee.18G014800.1.p	TM-CC
GlymaLee.18G024400.1.p	TM-CC
GlymaLee.18G072200.1.p	TM-CC
GlymaLee.18G072300.1.p	TM-CC
GlymaLee.18G099200.1.p	TM-CC
GlymaLee.18G106100.1.p	TM-CC
GlymaLee.18G120900.1.p	TM-CC
GlymaLee.18G166500.1.p	TM-CC
GlymaLee.18G192700.1.p	TM-CC
GlymaLee.18G200500.1.p	TM-CC
GlymaLee.18G218800.1.p	TM-CC
GlymaLee.18G230500.1.p	TM-CC
GlymaLee.19G016000.1.p	TM-CC
GlymaLee.19G016100.1.p	TM-CC
GlymaLee.19G035000.1.p	TM-CC
GlymaLee.19G086600.1.p	TM-CC
GlymaLee.19G136900.1.p	TM-CC
GlymaLee.19G177000.1.p	TM-CC
GlymaLee.20G005600.1.p	TM-CC
GlymaLee.20G024900.1.p	TM-CC
GlymaLee.20G051300.1.p	TM-CC
GlymaLee.20G075400.1.p	TM-CC
GlymaLee.20G101700.1.p	TM-CC
GlymaLee.20G118300.1.p	TM-CC
GlymaLee.20G157000.1.p	TM-CC
GlymaLee.20G157900.1.p	TM-CC
GlymaLee.20G189400.1.p	TM-CC
GlymaLee.20G201000.1.p	TM-CC
GlymaLee.20G206900.1.p	TM-CC
UWASoyPan01923.t1	TM-CC
UWASoyPan02638.t1	TM-CC
UWASoyPan03495.t1	TM-CC
UWASoyPan03543.t1	TM-CC
UWASoyPan04578.t1	TM-CC
UWASoyPan05210.t1	TM-CC
UWASoyPan05234.t1	TM-CC
